ARM GAS  C:\Users\esben\AppData\Local\Temp\ccX25f2h.s 			page 1


   1              		.syntax unified
   2              		.cpu cortex-m3
   3              		.fpu softvfp
   4              		.eabi_attribute 20, 1
   5              		.eabi_attribute 21, 1
   6              		.eabi_attribute 23, 3
   7              		.eabi_attribute 24, 1
   8              		.eabi_attribute 25, 1
   9              		.eabi_attribute 26, 1
  10              		.eabi_attribute 30, 1
  11              		.eabi_attribute 34, 1
  12              		.eabi_attribute 18, 4
  13              		.thumb
  14              		.syntax unified
  15              		.file	"cymetadata.c"
  16              		.text
  17              	.Ltext0:
  18              		.cfi_sections	.debug_frame
  19              		.global	cy_metadata
  20              		.global	cy_meta_flashprotect
  21              		.global	cy_meta_wonvl
  22              		.global	cy_meta_custnvl
  23              		.global	cy_meta_configecc
  24              		.section	.cyconfigecc,"a",%progbits
  25              		.align	2
  26              		.type	cy_meta_configecc, %object
  27              		.size	cy_meta_configecc, 1132
  28              	cy_meta_configecc:
  29 0000 01       		.byte	1
  30 0001 52       		.byte	82
  31 0002 00       		.byte	0
  32 0003 40       		.byte	64
  33 0004 01       		.byte	1
  34 0005 64       		.byte	100
  35 0006 00       		.byte	0
  36 0007 40       		.byte	64
  37 0008 03       		.byte	3
  38 0009 65       		.byte	101
  39 000a 00       		.byte	0
  40 000b 40       		.byte	64
  41 000c 47       		.byte	71
  42 000d 08       		.byte	8
  43 000e 01       		.byte	1
  44 000f 40       		.byte	64
  45 0010 36       		.byte	54
  46 0011 09       		.byte	9
  47 0012 01       		.byte	1
  48 0013 40       		.byte	64
  49 0014 01       		.byte	1
  50 0015 15       		.byte	21
  51 0016 01       		.byte	1
  52 0017 40       		.byte	64
  53 0018 58       		.byte	88
  54 0019 18       		.byte	24
  55 001a 01       		.byte	1
  56 001b 40       		.byte	64
  57 001c 43       		.byte	67
ARM GAS  C:\Users\esben\AppData\Local\Temp\ccX25f2h.s 			page 2


  58 001d 19       		.byte	25
  59 001e 01       		.byte	1
  60 001f 40       		.byte	64
  61 0020 66       		.byte	102
  62 0021 1A       		.byte	26
  63 0022 01       		.byte	1
  64 0023 40       		.byte	64
  65 0024 51       		.byte	81
  66 0025 1B       		.byte	27
  67 0026 01       		.byte	1
  68 0027 40       		.byte	64
  69 0028 02       		.byte	2
  70 0029 40       		.byte	64
  71 002a 01       		.byte	1
  72 002b 40       		.byte	64
  73 002c 01       		.byte	1
  74 002d 41       		.byte	65
  75 002e 01       		.byte	1
  76 002f 40       		.byte	64
  77 0030 01       		.byte	1
  78 0031 42       		.byte	66
  79 0032 01       		.byte	1
  80 0033 40       		.byte	64
  81 0034 01       		.byte	1
  82 0035 43       		.byte	67
  83 0036 01       		.byte	1
  84 0037 40       		.byte	64
  85 0038 02       		.byte	2
  86 0039 45       		.byte	69
  87 003a 01       		.byte	1
  88 003b 40       		.byte	64
  89 003c 01       		.byte	1
  90 003d 46       		.byte	70
  91 003e 01       		.byte	1
  92 003f 40       		.byte	64
  93 0040 01       		.byte	1
  94 0041 47       		.byte	71
  95 0042 01       		.byte	1
  96 0043 40       		.byte	64
  97 0044 01       		.byte	1
  98 0045 48       		.byte	72
  99 0046 01       		.byte	1
 100 0047 40       		.byte	64
 101 0048 03       		.byte	3
 102 0049 49       		.byte	73
 103 004a 01       		.byte	1
 104 004b 40       		.byte	64
 105 004c 01       		.byte	1
 106 004d 4C       		.byte	76
 107 004e 01       		.byte	1
 108 004f 40       		.byte	64
 109 0050 0B       		.byte	11
 110 0051 4D       		.byte	77
 111 0052 01       		.byte	1
 112 0053 40       		.byte	64
 113 0054 04       		.byte	4
 114 0055 50       		.byte	80
ARM GAS  C:\Users\esben\AppData\Local\Temp\ccX25f2h.s 			page 3


 115 0056 01       		.byte	1
 116 0057 40       		.byte	64
 117 0058 01       		.byte	1
 118 0059 51       		.byte	81
 119 005a 01       		.byte	1
 120 005b 40       		.byte	64
 121 005c 11       		.byte	17
 122 005d 02       		.byte	2
 123 005e 89       		.byte	-119
 124 005f 72       		.byte	114
 125 0060 88       		.byte	-120
 126 0061 0F       		.byte	15
 127 0062 8A       		.byte	-118
 128 0063 38       		.byte	56
 129 0064 8B       		.byte	-117
 130 0065 0D       		.byte	13
 131 0066 00       		.byte	0
 132 0067 01       		.byte	1
 133 0068 04       		.byte	4
 134 0069 01       		.byte	1
 135 006a 08       		.byte	8
 136 006b 01       		.byte	1
 137 006c 10       		.byte	16
 138 006d 01       		.byte	1
 139 006e 1F       		.byte	31
 140 006f 01       		.byte	1
 141 0070 2C       		.byte	44
 142 0071 02       		.byte	2
 143 0072 33       		.byte	51
 144 0073 01       		.byte	1
 145 0074 34       		.byte	52
 146 0075 02       		.byte	2
 147 0076 36       		.byte	54
 148 0077 01       		.byte	1
 149 0078 3E       		.byte	62
 150 0079 50       		.byte	80
 151 007a 40       		.byte	64
 152 007b 64       		.byte	100
 153 007c 41       		.byte	65
 154 007d 02       		.byte	2
 155 007e 46       		.byte	70
 156 007f BC       		.byte	-68
 157 0080 47       		.byte	71
 158 0081 E0       		.byte	-32
 159 0082 48       		.byte	72
 160 0083 2C       		.byte	44
 161 0084 49       		.byte	73
 162 0085 FF       		.byte	-1
 163 0086 4A       		.byte	74
 164 0087 FF       		.byte	-1
 165 0088 4B       		.byte	75
 166 0089 FF       		.byte	-1
 167 008a 4E       		.byte	78
 168 008b F0       		.byte	-16
 169 008c 4F       		.byte	79
 170 008d 44       		.byte	68
 171 008e 50       		.byte	80
ARM GAS  C:\Users\esben\AppData\Local\Temp\ccX25f2h.s 			page 4


 172 008f 0C       		.byte	12
 173 0090 52       		.byte	82
 174 0091 80       		.byte	-128
 175 0092 58       		.byte	88
 176 0093 04       		.byte	4
 177 0094 59       		.byte	89
 178 0095 04       		.byte	4
 179 0096 5A       		.byte	90
 180 0097 04       		.byte	4
 181 0098 5B       		.byte	91
 182 0099 04       		.byte	4
 183 009a 5D       		.byte	93
 184 009b 01       		.byte	1
 185 009c 5F       		.byte	95
 186 009d 01       		.byte	1
 187 009e 66       		.byte	102
 188 009f C0       		.byte	-64
 189 00a0 6A       		.byte	106
 190 00a1 40       		.byte	64
 191 00a2 6B       		.byte	107
 192 00a3 02       		.byte	2
 193 00a4 80       		.byte	-128
 194 00a5 1F       		.byte	31
 195 00a6 81       		.byte	-127
 196 00a7 08       		.byte	8
 197 00a8 84       		.byte	-124
 198 00a9 13       		.byte	19
 199 00aa 85       		.byte	-123
 200 00ab 0C       		.byte	12
 201 00ac 86       		.byte	-122
 202 00ad 0C       		.byte	12
 203 00ae 89       		.byte	-119
 204 00af 04       		.byte	4
 205 00b0 8E       		.byte	-114
 206 00b1 13       		.byte	19
 207 00b2 8F       		.byte	-113
 208 00b3 02       		.byte	2
 209 00b4 90       		.byte	-112
 210 00b5 01       		.byte	1
 211 00b6 91       		.byte	-111
 212 00b7 01       		.byte	1
 213 00b8 94       		.byte	-108
 214 00b9 0C       		.byte	12
 215 00ba 95       		.byte	-107
 216 00bb 02       		.byte	2
 217 00bc 96       		.byte	-106
 218 00bd 13       		.byte	19
 219 00be 97       		.byte	-105
 220 00bf 0C       		.byte	12
 221 00c0 98       		.byte	-104
 222 00c1 03       		.byte	3
 223 00c2 99       		.byte	-103
 224 00c3 0E       		.byte	14
 225 00c4 9C       		.byte	-100
 226 00c5 02       		.byte	2
 227 00c6 9D       		.byte	-99
 228 00c7 01       		.byte	1
ARM GAS  C:\Users\esben\AppData\Local\Temp\ccX25f2h.s 			page 5


 229 00c8 A0       		.byte	-96
 230 00c9 08       		.byte	8
 231 00ca A1       		.byte	-95
 232 00cb 0C       		.byte	12
 233 00cc A3       		.byte	-93
 234 00cd 02       		.byte	2
 235 00ce A4       		.byte	-92
 236 00cf 04       		.byte	4
 237 00d0 A8       		.byte	-88
 238 00d1 0C       		.byte	12
 239 00d2 A9       		.byte	-87
 240 00d3 01       		.byte	1
 241 00d4 AC       		.byte	-84
 242 00d5 0F       		.byte	15
 243 00d6 AD       		.byte	-83
 244 00d7 0E       		.byte	14
 245 00d8 AE       		.byte	-82
 246 00d9 10       		.byte	16
 247 00da B0       		.byte	-80
 248 00db 1C       		.byte	28
 249 00dc B1       		.byte	-79
 250 00dd 01       		.byte	1
 251 00de B3       		.byte	-77
 252 00df 0E       		.byte	14
 253 00e0 B4       		.byte	-76
 254 00e1 0F       		.byte	15
 255 00e2 BA       		.byte	-70
 256 00e3 22       		.byte	34
 257 00e4 D6       		.byte	-42
 258 00e5 02       		.byte	2
 259 00e6 D7       		.byte	-41
 260 00e7 10       		.byte	16
 261 00e8 D8       		.byte	-40
 262 00e9 04       		.byte	4
 263 00ea D9       		.byte	-39
 264 00eb 04       		.byte	4
 265 00ec DB       		.byte	-37
 266 00ed 04       		.byte	4
 267 00ee DC       		.byte	-36
 268 00ef 11       		.byte	17
 269 00f0 DD       		.byte	-35
 270 00f1 10       		.byte	16
 271 00f2 DF       		.byte	-33
 272 00f3 01       		.byte	1
 273 00f4 00       		.byte	0
 274 00f5 04       		.byte	4
 275 00f6 02       		.byte	2
 276 00f7 42       		.byte	66
 277 00f8 04       		.byte	4
 278 00f9 04       		.byte	4
 279 00fa 05       		.byte	5
 280 00fb 10       		.byte	16
 281 00fc 06       		.byte	6
 282 00fd 40       		.byte	64
 283 00fe 07       		.byte	7
 284 00ff 80       		.byte	-128
 285 0100 08       		.byte	8
ARM GAS  C:\Users\esben\AppData\Local\Temp\ccX25f2h.s 			page 6


 286 0101 40       		.byte	64
 287 0102 0A       		.byte	10
 288 0103 24       		.byte	36
 289 0104 0B       		.byte	11
 290 0105 80       		.byte	-128
 291 0106 0C       		.byte	12
 292 0107 01       		.byte	1
 293 0108 0E       		.byte	14
 294 0109 40       		.byte	64
 295 010a 10       		.byte	16
 296 010b 89       		.byte	-119
 297 010c 13       		.byte	19
 298 010d 04       		.byte	4
 299 010e 14       		.byte	20
 300 010f 02       		.byte	2
 301 0110 15       		.byte	21
 302 0111 04       		.byte	4
 303 0112 16       		.byte	22
 304 0113 11       		.byte	17
 305 0114 18       		.byte	24
 306 0115 04       		.byte	4
 307 0116 19       		.byte	25
 308 0117 01       		.byte	1
 309 0118 1A       		.byte	26
 310 0119 48       		.byte	72
 311 011a 1D       		.byte	29
 312 011b 40       		.byte	64
 313 011c 1E       		.byte	30
 314 011d 08       		.byte	8
 315 011e 22       		.byte	34
 316 011f 02       		.byte	2
 317 0120 23       		.byte	35
 318 0121 50       		.byte	80
 319 0122 27       		.byte	39
 320 0123 10       		.byte	16
 321 0124 29       		.byte	41
 322 0125 01       		.byte	1
 323 0126 2A       		.byte	42
 324 0127 50       		.byte	80
 325 0128 30       		.byte	48
 326 0129 02       		.byte	2
 327 012a 31       		.byte	49
 328 012b 10       		.byte	16
 329 012c 32       		.byte	50
 330 012d 94       		.byte	-108
 331 012e 37       		.byte	55
 332 012f 40       		.byte	64
 333 0130 38       		.byte	56
 334 0131 28       		.byte	40
 335 0132 3A       		.byte	58
 336 0133 02       		.byte	2
 337 0134 3B       		.byte	59
 338 0135 40       		.byte	64
 339 0136 45       		.byte	69
 340 0137 01       		.byte	1
 341 0138 46       		.byte	70
 342 0139 08       		.byte	8
ARM GAS  C:\Users\esben\AppData\Local\Temp\ccX25f2h.s 			page 7


 343 013a 4D       		.byte	77
 344 013b 20       		.byte	32
 345 013c 56       		.byte	86
 346 013d 01       		.byte	1
 347 013e 57       		.byte	87
 348 013f 50       		.byte	80
 349 0140 59       		.byte	89
 350 0141 40       		.byte	64
 351 0142 68       		.byte	104
 352 0143 02       		.byte	2
 353 0144 69       		.byte	105
 354 0145 14       		.byte	20
 355 0146 70       		.byte	112
 356 0147 9C       		.byte	-100
 357 0148 72       		.byte	114
 358 0149 02       		.byte	2
 359 014a 73       		.byte	115
 360 014b 04       		.byte	4
 361 014c 77       		.byte	119
 362 014d 40       		.byte	64
 363 014e C0       		.byte	-64
 364 014f 7D       		.byte	125
 365 0150 C2       		.byte	-62
 366 0151 1F       		.byte	31
 367 0152 C4       		.byte	-60
 368 0153 8F       		.byte	-113
 369 0154 CA       		.byte	-54
 370 0155 0D       		.byte	13
 371 0156 CC       		.byte	-52
 372 0157 1F       		.byte	31
 373 0158 CE       		.byte	-50
 374 0159 0F       		.byte	15
 375 015a D0       		.byte	-48
 376 015b A0       		.byte	-96
 377 015c D2       		.byte	-46
 378 015d 20       		.byte	32
 379 015e D6       		.byte	-42
 380 015f 08       		.byte	8
 381 0160 E6       		.byte	-26
 382 0161 02       		.byte	2
 383 0162 08       		.byte	8
 384 0163 13       		.byte	19
 385 0164 0A       		.byte	10
 386 0165 04       		.byte	4
 387 0166 10       		.byte	16
 388 0167 03       		.byte	3
 389 0168 12       		.byte	18
 390 0169 14       		.byte	20
 391 016a 14       		.byte	20
 392 016b 13       		.byte	19
 393 016c 16       		.byte	22
 394 016d 0C       		.byte	12
 395 016e 1D       		.byte	29
 396 016f 01       		.byte	1
 397 0170 1E       		.byte	30
 398 0171 15       		.byte	21
 399 0172 24       		.byte	36
ARM GAS  C:\Users\esben\AppData\Local\Temp\ccX25f2h.s 			page 8


 400 0173 0A       		.byte	10
 401 0174 26       		.byte	38
 402 0175 14       		.byte	20
 403 0176 2E       		.byte	46
 404 0177 08       		.byte	8
 405 0178 30       		.byte	48
 406 0179 10       		.byte	16
 407 017a 32       		.byte	50
 408 017b 0F       		.byte	15
 409 017c 33       		.byte	51
 410 017d 01       		.byte	1
 411 017e 3A       		.byte	58
 412 017f 08       		.byte	8
 413 0180 3B       		.byte	59
 414 0181 02       		.byte	2
 415 0182 3E       		.byte	62
 416 0183 01       		.byte	1
 417 0184 3F       		.byte	63
 418 0185 04       		.byte	4
 419 0186 54       		.byte	84
 420 0187 01       		.byte	1
 421 0188 58       		.byte	88
 422 0189 04       		.byte	4
 423 018a 59       		.byte	89
 424 018b 04       		.byte	4
 425 018c 5B       		.byte	91
 426 018d 04       		.byte	4
 427 018e 5C       		.byte	92
 428 018f 11       		.byte	17
 429 0190 5D       		.byte	93
 430 0191 10       		.byte	16
 431 0192 5F       		.byte	95
 432 0193 01       		.byte	1
 433 0194 80       		.byte	-128
 434 0195 7F       		.byte	127
 435 0196 84       		.byte	-124
 436 0197 1C       		.byte	28
 437 0198 85       		.byte	-123
 438 0199 02       		.byte	2
 439 019a 86       		.byte	-122
 440 019b 62       		.byte	98
 441 019c 8A       		.byte	-118
 442 019d 04       		.byte	4
 443 019e 8B       		.byte	-117
 444 019f 01       		.byte	1
 445 01a0 8E       		.byte	-114
 446 01a1 63       		.byte	99
 447 01a2 8F       		.byte	-113
 448 01a3 01       		.byte	1
 449 01a4 90       		.byte	-112
 450 01a5 24       		.byte	36
 451 01a6 93       		.byte	-109
 452 01a7 08       		.byte	8
 453 01a8 94       		.byte	-108
 454 01a9 67       		.byte	103
 455 01aa 96       		.byte	-106
 456 01ab 18       		.byte	24
ARM GAS  C:\Users\esben\AppData\Local\Temp\ccX25f2h.s 			page 9


 457 01ac 97       		.byte	-105
 458 01ad 04       		.byte	4
 459 01ae 98       		.byte	-104
 460 01af 60       		.byte	96
 461 01b0 9B       		.byte	-101
 462 01b1 04       		.byte	4
 463 01b2 9C       		.byte	-100
 464 01b3 40       		.byte	64
 465 01b4 A0       		.byte	-96
 466 01b5 10       		.byte	16
 467 01b6 A1       		.byte	-95
 468 01b7 02       		.byte	2
 469 01b8 A4       		.byte	-92
 470 01b9 08       		.byte	8
 471 01ba A7       		.byte	-89
 472 01bb 08       		.byte	8
 473 01bc A8       		.byte	-88
 474 01bd 18       		.byte	24
 475 01be AB       		.byte	-85
 476 01bf 02       		.byte	2
 477 01c0 AC       		.byte	-84
 478 01c1 1C       		.byte	28
 479 01c2 AE       		.byte	-82
 480 01c3 61       		.byte	97
 481 01c4 AF       		.byte	-81
 482 01c5 02       		.byte	2
 483 01c6 B1       		.byte	-79
 484 01c7 02       		.byte	2
 485 01c8 B3       		.byte	-77
 486 01c9 04       		.byte	4
 487 01ca B4       		.byte	-76
 488 01cb 1F       		.byte	31
 489 01cc B5       		.byte	-75
 490 01cd 08       		.byte	8
 491 01ce B6       		.byte	-74
 492 01cf 60       		.byte	96
 493 01d0 B7       		.byte	-73
 494 01d1 01       		.byte	1
 495 01d2 B9       		.byte	-71
 496 01d3 02       		.byte	2
 497 01d4 BA       		.byte	-70
 498 01d5 20       		.byte	32
 499 01d6 BF       		.byte	-65
 500 01d7 54       		.byte	84
 501 01d8 C0       		.byte	-64
 502 01d9 25       		.byte	37
 503 01da C1       		.byte	-63
 504 01db 04       		.byte	4
 505 01dc C2       		.byte	-62
 506 01dd 06       		.byte	6
 507 01de C4       		.byte	-60
 508 01df 01       		.byte	1
 509 01e0 C5       		.byte	-59
 510 01e1 0E       		.byte	14
 511 01e2 C6       		.byte	-58
 512 01e3 0C       		.byte	12
 513 01e4 C8       		.byte	-56
ARM GAS  C:\Users\esben\AppData\Local\Temp\ccX25f2h.s 			page 10


 514 01e5 05       		.byte	5
 515 01e6 C9       		.byte	-55
 516 01e7 FF       		.byte	-1
 517 01e8 CA       		.byte	-54
 518 01e9 FF       		.byte	-1
 519 01ea CB       		.byte	-53
 520 01eb FF       		.byte	-1
 521 01ec CC       		.byte	-52
 522 01ed 62       		.byte	98
 523 01ee CD       		.byte	-51
 524 01ef A0       		.byte	-96
 525 01f0 CE       		.byte	-50
 526 01f1 F0       		.byte	-16
 527 01f2 CF       		.byte	-49
 528 01f3 41       		.byte	65
 529 01f4 D0       		.byte	-48
 530 01f5 0C       		.byte	12
 531 01f6 D8       		.byte	-40
 532 01f7 04       		.byte	4
 533 01f8 D9       		.byte	-39
 534 01f9 04       		.byte	4
 535 01fa DA       		.byte	-38
 536 01fb 04       		.byte	4
 537 01fc DC       		.byte	-36
 538 01fd 11       		.byte	17
 539 01fe DD       		.byte	-35
 540 01ff 01       		.byte	1
 541 0200 DF       		.byte	-33
 542 0201 01       		.byte	1
 543 0202 E6       		.byte	-26
 544 0203 40       		.byte	64
 545 0204 E7       		.byte	-25
 546 0205 02       		.byte	2
 547 0206 E9       		.byte	-23
 548 0207 10       		.byte	16
 549 0208 EA       		.byte	-22
 550 0209 30       		.byte	48
 551 020a EB       		.byte	-21
 552 020b 10       		.byte	16
 553 020c ED       		.byte	-19
 554 020d 10       		.byte	16
 555 020e EE       		.byte	-18
 556 020f 10       		.byte	16
 557 0210 EF       		.byte	-17
 558 0211 12       		.byte	18
 559 0212 02       		.byte	2
 560 0213 42       		.byte	66
 561 0214 03       		.byte	3
 562 0215 28       		.byte	40
 563 0216 06       		.byte	6
 564 0217 08       		.byte	8
 565 0218 08       		.byte	8
 566 0219 48       		.byte	72
 567 021a 0A       		.byte	10
 568 021b 04       		.byte	4
 569 021c 0B       		.byte	11
 570 021d 80       		.byte	-128
ARM GAS  C:\Users\esben\AppData\Local\Temp\ccX25f2h.s 			page 11


 571 021e 0D       		.byte	13
 572 021f 02       		.byte	2
 573 0220 0E       		.byte	14
 574 0221 10       		.byte	16
 575 0222 0F       		.byte	15
 576 0223 82       		.byte	-126
 577 0224 10       		.byte	16
 578 0225 89       		.byte	-119
 579 0226 13       		.byte	19
 580 0227 04       		.byte	4
 581 0228 17       		.byte	23
 582 0229 44       		.byte	68
 583 022a 19       		.byte	25
 584 022b 10       		.byte	16
 585 022c 1A       		.byte	26
 586 022d 01       		.byte	1
 587 022e 1B       		.byte	27
 588 022f 20       		.byte	32
 589 0230 1E       		.byte	30
 590 0231 50       		.byte	80
 591 0232 21       		.byte	33
 592 0233 80       		.byte	-128
 593 0234 22       		.byte	34
 594 0235 29       		.byte	41
 595 0236 24       		.byte	36
 596 0237 60       		.byte	96
 597 0238 27       		.byte	39
 598 0239 80       		.byte	-128
 599 023a 28       		.byte	40
 600 023b 81       		.byte	-127
 601 023c 29       		.byte	41
 602 023d 18       		.byte	24
 603 023e 31       		.byte	49
 604 023f 04       		.byte	4
 605 0240 32       		.byte	50
 606 0241 01       		.byte	1
 607 0242 33       		.byte	51
 608 0243 10       		.byte	16
 609 0244 35       		.byte	53
 610 0245 40       		.byte	64
 611 0246 36       		.byte	54
 612 0247 08       		.byte	8
 613 0248 37       		.byte	55
 614 0249 08       		.byte	8
 615 024a 38       		.byte	56
 616 024b 84       		.byte	-124
 617 024c 3B       		.byte	59
 618 024d 10       		.byte	16
 619 024e 40       		.byte	64
 620 024f CD       		.byte	-51
 621 0250 49       		.byte	73
 622 0251 08       		.byte	8
 623 0252 4A       		.byte	74
 624 0253 02       		.byte	2
 625 0254 4B       		.byte	75
 626 0255 10       		.byte	16
 627 0256 50       		.byte	80
ARM GAS  C:\Users\esben\AppData\Local\Temp\ccX25f2h.s 			page 12


 628 0257 40       		.byte	64
 629 0258 59       		.byte	89
 630 0259 20       		.byte	32
 631 025a 5A       		.byte	90
 632 025b 10       		.byte	16
 633 025c 5C       		.byte	92
 634 025d 02       		.byte	2
 635 025e 5E       		.byte	94
 636 025f 48       		.byte	72
 637 0260 5F       		.byte	95
 638 0261 20       		.byte	32
 639 0262 90       		.byte	-112
 640 0263 04       		.byte	4
 641 0264 91       		.byte	-111
 642 0265 14       		.byte	20
 643 0266 93       		.byte	-109
 644 0267 14       		.byte	20
 645 0268 96       		.byte	-106
 646 0269 04       		.byte	4
 647 026a 97       		.byte	-105
 648 026b 80       		.byte	-128
 649 026c 98       		.byte	-104
 650 026d 03       		.byte	3
 651 026e 9A       		.byte	-102
 652 026f 40       		.byte	64
 653 0270 9B       		.byte	-101
 654 0271 10       		.byte	16
 655 0272 9C       		.byte	-100
 656 0273 40       		.byte	64
 657 0274 9D       		.byte	-99
 658 0275 30       		.byte	48
 659 0276 9E       		.byte	-98
 660 0277 08       		.byte	8
 661 0278 9F       		.byte	-97
 662 0279 80       		.byte	-128
 663 027a A0       		.byte	-96
 664 027b 88       		.byte	-120
 665 027c A2       		.byte	-94
 666 027d 06       		.byte	6
 667 027e A3       		.byte	-93
 668 027f 50       		.byte	80
 669 0280 A5       		.byte	-91
 670 0281 01       		.byte	1
 671 0282 B1       		.byte	-79
 672 0283 10       		.byte	16
 673 0284 B2       		.byte	-78
 674 0285 80       		.byte	-128
 675 0286 C0       		.byte	-64
 676 0287 4F       		.byte	79
 677 0288 C2       		.byte	-62
 678 0289 BF       		.byte	-65
 679 028a C4       		.byte	-60
 680 028b AF       		.byte	-81
 681 028c CA       		.byte	-54
 682 028d 0F       		.byte	15
 683 028e CC       		.byte	-52
 684 028f 17       		.byte	23
ARM GAS  C:\Users\esben\AppData\Local\Temp\ccX25f2h.s 			page 13


 685 0290 CE       		.byte	-50
 686 0291 0E       		.byte	14
 687 0292 D0       		.byte	-48
 688 0293 0D       		.byte	13
 689 0294 D2       		.byte	-46
 690 0295 0C       		.byte	12
 691 0296 D6       		.byte	-42
 692 0297 F0       		.byte	-16
 693 0298 00       		.byte	0
 694 0299 90       		.byte	-112
 695 029a 02       		.byte	2
 696 029b 46       		.byte	70
 697 029c 07       		.byte	7
 698 029d 07       		.byte	7
 699 029e 09       		.byte	9
 700 029f 04       		.byte	4
 701 02a0 18       		.byte	24
 702 02a1 04       		.byte	4
 703 02a2 1A       		.byte	26
 704 02a3 19       		.byte	25
 705 02a4 1B       		.byte	27
 706 02a5 02       		.byte	2
 707 02a6 24       		.byte	36
 708 02a7 DC       		.byte	-36
 709 02a8 28       		.byte	40
 710 02a9 DC       		.byte	-36
 711 02aa 2C       		.byte	44
 712 02ab 48       		.byte	72
 713 02ac 2E       		.byte	46
 714 02ad A6       		.byte	-90
 715 02ae 30       		.byte	48
 716 02af C0       		.byte	-64
 717 02b0 31       		.byte	49
 718 02b1 04       		.byte	4
 719 02b2 32       		.byte	50
 720 02b3 20       		.byte	32
 721 02b4 33       		.byte	51
 722 02b5 02       		.byte	2
 723 02b6 34       		.byte	52
 724 02b7 1C       		.byte	28
 725 02b8 35       		.byte	53
 726 02b9 01       		.byte	1
 727 02ba 36       		.byte	54
 728 02bb 03       		.byte	3
 729 02bc 3E       		.byte	62
 730 02bd 40       		.byte	64
 731 02be 40       		.byte	64
 732 02bf 20       		.byte	32
 733 02c0 41       		.byte	65
 734 02c1 03       		.byte	3
 735 02c2 45       		.byte	69
 736 02c3 D2       		.byte	-46
 737 02c4 47       		.byte	71
 738 02c5 01       		.byte	1
 739 02c6 48       		.byte	72
 740 02c7 13       		.byte	19
 741 02c8 49       		.byte	73
ARM GAS  C:\Users\esben\AppData\Local\Temp\ccX25f2h.s 			page 14


 742 02c9 FF       		.byte	-1
 743 02ca 4A       		.byte	74
 744 02cb FF       		.byte	-1
 745 02cc 4B       		.byte	75
 746 02cd FF       		.byte	-1
 747 02ce 4D       		.byte	77
 748 02cf A0       		.byte	-96
 749 02d0 4F       		.byte	79
 750 02d1 04       		.byte	4
 751 02d2 50       		.byte	80
 752 02d3 18       		.byte	24
 753 02d4 54       		.byte	84
 754 02d5 18       		.byte	24
 755 02d6 56       		.byte	86
 756 02d7 04       		.byte	4
 757 02d8 58       		.byte	88
 758 02d9 04       		.byte	4
 759 02da 59       		.byte	89
 760 02db 04       		.byte	4
 761 02dc 5A       		.byte	90
 762 02dd 04       		.byte	4
 763 02de 5B       		.byte	91
 764 02df 04       		.byte	4
 765 02e0 5C       		.byte	92
 766 02e1 01       		.byte	1
 767 02e2 5D       		.byte	93
 768 02e3 10       		.byte	16
 769 02e4 5F       		.byte	95
 770 02e5 01       		.byte	1
 771 02e6 60       		.byte	96
 772 02e7 40       		.byte	64
 773 02e8 62       		.byte	98
 774 02e9 C0       		.byte	-64
 775 02ea 64       		.byte	100
 776 02eb 40       		.byte	64
 777 02ec 65       		.byte	101
 778 02ed 40       		.byte	64
 779 02ee 66       		.byte	102
 780 02ef C0       		.byte	-64
 781 02f0 68       		.byte	104
 782 02f1 C0       		.byte	-64
 783 02f2 6A       		.byte	106
 784 02f3 C0       		.byte	-64
 785 02f4 6C       		.byte	108
 786 02f5 C0       		.byte	-64
 787 02f6 6E       		.byte	110
 788 02f7 C0       		.byte	-64
 789 02f8 80       		.byte	-128
 790 02f9 09       		.byte	9
 791 02fa 81       		.byte	-127
 792 02fb 80       		.byte	-128
 793 02fc 82       		.byte	-126
 794 02fd D0       		.byte	-48
 795 02fe 83       		.byte	-125
 796 02ff 13       		.byte	19
 797 0300 84       		.byte	-124
 798 0301 10       		.byte	16
ARM GAS  C:\Users\esben\AppData\Local\Temp\ccX25f2h.s 			page 15


 799 0302 86       		.byte	-122
 800 0303 40       		.byte	64
 801 0304 88       		.byte	-120
 802 0305 10       		.byte	16
 803 0306 89       		.byte	-119
 804 0307 71       		.byte	113
 805 0308 8A       		.byte	-118
 806 0309 AC       		.byte	-84
 807 030a 8B       		.byte	-117
 808 030b 06       		.byte	6
 809 030c 8E       		.byte	-114
 810 030d 03       		.byte	3
 811 030e 94       		.byte	-108
 812 030f 14       		.byte	20
 813 0310 99       		.byte	-103
 814 0311 2C       		.byte	44
 815 0312 9B       		.byte	-101
 816 0313 43       		.byte	67
 817 0314 9E       		.byte	-98
 818 0315 20       		.byte	32
 819 0316 9F       		.byte	-97
 820 0317 0C       		.byte	12
 821 0318 A4       		.byte	-92
 822 0319 DC       		.byte	-36
 823 031a A5       		.byte	-91
 824 031b 71       		.byte	113
 825 031c A6       		.byte	-90
 826 031d 22       		.byte	34
 827 031e A7       		.byte	-89
 828 031f 0E       		.byte	14
 829 0320 A8       		.byte	-88
 830 0321 0C       		.byte	12
 831 0322 AA       		.byte	-86
 832 0323 71       		.byte	113
 833 0324 AB       		.byte	-85
 834 0325 08       		.byte	8
 835 0326 B1       		.byte	-79
 836 0327 C0       		.byte	-64
 837 0328 B3       		.byte	-77
 838 0329 30       		.byte	48
 839 032a B4       		.byte	-76
 840 032b E0       		.byte	-32
 841 032c B5       		.byte	-75
 842 032d 0F       		.byte	15
 843 032e B6       		.byte	-74
 844 032f 1F       		.byte	31
 845 0330 B9       		.byte	-71
 846 0331 0A       		.byte	10
 847 0332 BA       		.byte	-70
 848 0333 20       		.byte	32
 849 0334 BB       		.byte	-69
 850 0335 20       		.byte	32
 851 0336 BF       		.byte	-65
 852 0337 04       		.byte	4
 853 0338 C0       		.byte	-64
 854 0339 02       		.byte	2
 855 033a C6       		.byte	-58
ARM GAS  C:\Users\esben\AppData\Local\Temp\ccX25f2h.s 			page 16


 856 033b 40       		.byte	64
 857 033c C9       		.byte	-55
 858 033d FF       		.byte	-1
 859 033e CA       		.byte	-54
 860 033f 07       		.byte	7
 861 0340 CB       		.byte	-53
 862 0341 FF       		.byte	-1
 863 0342 CC       		.byte	-52
 864 0343 40       		.byte	64
 865 0344 CD       		.byte	-51
 866 0345 20       		.byte	32
 867 0346 CE       		.byte	-50
 868 0347 F0       		.byte	-16
 869 0348 CF       		.byte	-49
 870 0349 05       		.byte	5
 871 034a D0       		.byte	-48
 872 034b 08       		.byte	8
 873 034c D4       		.byte	-44
 874 034d 05       		.byte	5
 875 034e D8       		.byte	-40
 876 034f 04       		.byte	4
 877 0350 D9       		.byte	-39
 878 0351 04       		.byte	4
 879 0352 DA       		.byte	-38
 880 0353 04       		.byte	4
 881 0354 DB       		.byte	-37
 882 0355 04       		.byte	4
 883 0356 DC       		.byte	-36
 884 0357 11       		.byte	17
 885 0358 DD       		.byte	-35
 886 0359 01       		.byte	1
 887 035a DF       		.byte	-33
 888 035b 01       		.byte	1
 889 035c E0       		.byte	-32
 890 035d 40       		.byte	64
 891 035e E1       		.byte	-31
 892 035f A8       		.byte	-88
 893 0360 E2       		.byte	-30
 894 0361 40       		.byte	64
 895 0362 E3       		.byte	-29
 896 0363 20       		.byte	32
 897 0364 01       		.byte	1
 898 0365 02       		.byte	2
 899 0366 05       		.byte	5
 900 0367 60       		.byte	96
 901 0368 06       		.byte	6
 902 0369 10       		.byte	16
 903 036a 07       		.byte	7
 904 036b 40       		.byte	64
 905 036c 0A       		.byte	10
 906 036d 04       		.byte	4
 907 036e 0F       		.byte	15
 908 036f 22       		.byte	34
 909 0370 10       		.byte	16
 910 0371 02       		.byte	2
 911 0372 11       		.byte	17
 912 0373 14       		.byte	20
ARM GAS  C:\Users\esben\AppData\Local\Temp\ccX25f2h.s 			page 17


 913 0374 16       		.byte	22
 914 0375 08       		.byte	8
 915 0376 17       		.byte	23
 916 0377 04       		.byte	4
 917 0378 18       		.byte	24
 918 0379 01       		.byte	1
 919 037a 19       		.byte	25
 920 037b 02       		.byte	2
 921 037c 1A       		.byte	26
 922 037d 04       		.byte	4
 923 037e 1B       		.byte	27
 924 037f 08       		.byte	8
 925 0380 1D       		.byte	29
 926 0381 40       		.byte	64
 927 0382 1F       		.byte	31
 928 0383 10       		.byte	16
 929 0384 20       		.byte	32
 930 0385 40       		.byte	64
 931 0386 21       		.byte	33
 932 0387 10       		.byte	16
 933 0388 22       		.byte	34
 934 0389 04       		.byte	4
 935 038a 26       		.byte	38
 936 038b 10       		.byte	16
 937 038c 27       		.byte	39
 938 038d 64       		.byte	100
 939 038e 28       		.byte	40
 940 038f 40       		.byte	64
 941 0390 29       		.byte	41
 942 0391 02       		.byte	2
 943 0392 2E       		.byte	46
 944 0393 28       		.byte	40
 945 0394 2F       		.byte	47
 946 0395 10       		.byte	16
 947 0396 31       		.byte	49
 948 0397 0C       		.byte	12
 949 0398 33       		.byte	51
 950 0399 10       		.byte	16
 951 039a 36       		.byte	54
 952 039b 10       		.byte	16
 953 039c 37       		.byte	55
 954 039d 40       		.byte	64
 955 039e 38       		.byte	56
 956 039f 08       		.byte	8
 957 03a0 39       		.byte	57
 958 03a1 20       		.byte	32
 959 03a2 3D       		.byte	61
 960 03a3 02       		.byte	2
 961 03a4 3E       		.byte	62
 962 03a5 10       		.byte	16
 963 03a6 3F       		.byte	63
 964 03a7 02       		.byte	2
 965 03a8 41       		.byte	65
 966 03a9 08       		.byte	8
 967 03aa 43       		.byte	67
 968 03ab 10       		.byte	16
 969 03ac 47       		.byte	71
ARM GAS  C:\Users\esben\AppData\Local\Temp\ccX25f2h.s 			page 18


 970 03ad 20       		.byte	32
 971 03ae 49       		.byte	73
 972 03af 04       		.byte	4
 973 03b0 4B       		.byte	75
 974 03b1 01       		.byte	1
 975 03b2 4F       		.byte	79
 976 03b3 02       		.byte	2
 977 03b4 50       		.byte	80
 978 03b5 04       		.byte	4
 979 03b6 56       		.byte	86
 980 03b7 30       		.byte	48
 981 03b8 5A       		.byte	90
 982 03b9 01       		.byte	1
 983 03ba 5C       		.byte	92
 984 03bb 40       		.byte	64
 985 03bc 5F       		.byte	95
 986 03bd 09       		.byte	9
 987 03be 61       		.byte	97
 988 03bf 80       		.byte	-128
 989 03c0 62       		.byte	98
 990 03c1 20       		.byte	32
 991 03c2 63       		.byte	99
 992 03c3 40       		.byte	64
 993 03c4 86       		.byte	-122
 994 03c5 04       		.byte	4
 995 03c6 87       		.byte	-121
 996 03c7 40       		.byte	64
 997 03c8 88       		.byte	-120
 998 03c9 02       		.byte	2
 999 03ca 8B       		.byte	-117
 1000 03cb 40       		.byte	64
 1001 03cc 91       		.byte	-111
 1002 03cd 14       		.byte	20
 1003 03ce 92       		.byte	-110
 1004 03cf 11       		.byte	17
 1005 03d0 94       		.byte	-108
 1006 03d1 01       		.byte	1
 1007 03d2 96       		.byte	-106
 1008 03d3 04       		.byte	4
 1009 03d4 97       		.byte	-105
 1010 03d5 80       		.byte	-128
 1011 03d6 99       		.byte	-103
 1012 03d7 20       		.byte	32
 1013 03d8 9B       		.byte	-101
 1014 03d9 18       		.byte	24
 1015 03da 9C       		.byte	-100
 1016 03db 40       		.byte	64
 1017 03dc 9D       		.byte	-99
 1018 03dd 44       		.byte	68
 1019 03de 9E       		.byte	-98
 1020 03df 08       		.byte	8
 1021 03e0 9F       		.byte	-97
 1022 03e1 44       		.byte	68
 1023 03e2 A1       		.byte	-95
 1024 03e3 80       		.byte	-128
 1025 03e4 A2       		.byte	-94
 1026 03e5 20       		.byte	32
ARM GAS  C:\Users\esben\AppData\Local\Temp\ccX25f2h.s 			page 19


 1027 03e6 A3       		.byte	-93
 1028 03e7 10       		.byte	16
 1029 03e8 A5       		.byte	-91
 1030 03e9 01       		.byte	1
 1031 03ea A7       		.byte	-89
 1032 03eb 09       		.byte	9
 1033 03ec B1       		.byte	-79
 1034 03ed 02       		.byte	2
 1035 03ee B3       		.byte	-77
 1036 03ef 20       		.byte	32
 1037 03f0 B4       		.byte	-76
 1038 03f1 10       		.byte	16
 1039 03f2 C0       		.byte	-64
 1040 03f3 F8       		.byte	-8
 1041 03f4 C2       		.byte	-62
 1042 03f5 A2       		.byte	-94
 1043 03f6 C4       		.byte	-60
 1044 03f7 67       		.byte	103
 1045 03f8 CA       		.byte	-54
 1046 03f9 60       		.byte	96
 1047 03fa CC       		.byte	-52
 1048 03fb 34       		.byte	52
 1049 03fc CE       		.byte	-50
 1050 03fd A6       		.byte	-90
 1051 03fe D0       		.byte	-48
 1052 03ff 26       		.byte	38
 1053 0400 D6       		.byte	-42
 1054 0401 D1       		.byte	-47
 1055 0402 D8       		.byte	-40
 1056 0403 0D       		.byte	13
 1057 0404 E4       		.byte	-28
 1058 0405 08       		.byte	8
 1059 0406 32       		.byte	50
 1060 0407 20       		.byte	32
 1061 0408 CC       		.byte	-52
 1062 0409 10       		.byte	16
 1063 040a A6       		.byte	-90
 1064 040b 20       		.byte	32
 1065 040c A6       		.byte	-90
 1066 040d 20       		.byte	32
 1067 040e A6       		.byte	-90
 1068 040f 20       		.byte	32
 1069 0410 59       		.byte	89
 1070 0411 40       		.byte	64
 1071 0412 D4       		.byte	-44
 1072 0413 01       		.byte	1
 1073 0414 9D       		.byte	-99
 1074 0415 40       		.byte	64
 1075 0416 9D       		.byte	-99
 1076 0417 40       		.byte	64
 1077 0418 A6       		.byte	-90
 1078 0419 20       		.byte	32
 1079 041a 86       		.byte	-122
 1080 041b 20       		.byte	32
 1081 041c A6       		.byte	-90
 1082 041d 20       		.byte	32
 1083 041e E6       		.byte	-26
ARM GAS  C:\Users\esben\AppData\Local\Temp\ccX25f2h.s 			page 20


 1084 041f 40       		.byte	64
 1085 0420 9D       		.byte	-99
 1086 0421 40       		.byte	64
 1087 0422 10       		.byte	16
 1088 0423 80       		.byte	-128
 1089 0424 75       		.byte	117
 1090 0425 01       		.byte	1
 1091 0426 85       		.byte	-123
 1092 0427 40       		.byte	64
 1093 0428 88       		.byte	-120
 1094 0429 80       		.byte	-128
 1095 042a 99       		.byte	-103
 1096 042b 01       		.byte	1
 1097 042c 9D       		.byte	-99
 1098 042d 40       		.byte	64
 1099 042e B5       		.byte	-75
 1100 042f 01       		.byte	1
 1101 0430 C4       		.byte	-60
 1102 0431 08       		.byte	8
 1103 0432 DE       		.byte	-34
 1104 0433 04       		.byte	4
 1105 0434 E6       		.byte	-26
 1106 0435 01       		.byte	1
 1107 0436 EC       		.byte	-20
 1108 0437 02       		.byte	2
 1109 0438 00       		.byte	0
 1110 0439 03       		.byte	3
 1111 043a 0C       		.byte	12
 1112 043b 03       		.byte	3
 1113 043c 10       		.byte	16
 1114 043d 03       		.byte	3
 1115 043e 1C       		.byte	28
 1116 043f 03       		.byte	3
 1117 0440 00       		.byte	0
 1118 0441 03       		.byte	3
 1119 0442 00       		.byte	0
 1120 0443 00       		.byte	0
 1121 0444 80       		.byte	-128
 1122 0445 80       		.byte	-128
 1123 0446 00       		.byte	0
 1124 0447 00       		.byte	0
 1125 0448 40       		.byte	64
 1126 0449 00       		.byte	0
 1127 044a 00       		.byte	0
 1128 044b 00       		.byte	0
 1129 044c 80       		.byte	-128
 1130 044d 00       		.byte	0
 1131 044e 40       		.byte	64
 1132 044f 80       		.byte	-128
 1133 0450 80       		.byte	-128
 1134 0451 00       		.byte	0
 1135 0452 80       		.byte	-128
 1136 0453 00       		.byte	0
 1137 0454 00       		.byte	0
 1138 0455 00       		.byte	0
 1139 0456 00       		.byte	0
 1140 0457 00       		.byte	0
ARM GAS  C:\Users\esben\AppData\Local\Temp\ccX25f2h.s 			page 21


 1141 0458 00       		.byte	0
 1142 0459 0B       		.byte	11
 1143 045a 0B       		.byte	11
 1144 045b 00       		.byte	0
 1145 045c 00       		.byte	0
 1146 045d 00       		.byte	0
 1147 045e 00       		.byte	0
 1148 045f 00       		.byte	0
 1149 0460 40       		.byte	64
 1150 0461 00       		.byte	0
 1151 0462 00       		.byte	0
 1152 0463 E2       		.byte	-30
 1153 0464 E2       		.byte	-30
 1154 0465 00       		.byte	0
 1155 0466 02       		.byte	2
 1156 0467 00       		.byte	0
 1157 0468 00       		.byte	0
 1158 0469 00       		.byte	0
 1159 046a 00       		.byte	0
 1160 046b 00       		.byte	0
 1161              		.section	.cywolatch,"a",%progbits
 1162              		.align	2
 1163              		.type	cy_meta_wonvl, %object
 1164              		.size	cy_meta_wonvl, 4
 1165              	cy_meta_wonvl:
 1166 0000 BC       		.byte	-68
 1167 0001 90       		.byte	-112
 1168 0002 AC       		.byte	-84
 1169 0003 AF       		.byte	-81
 1170              		.section	.cycustnvl,"a",%progbits
 1171              		.align	2
 1172              		.type	cy_meta_custnvl, %object
 1173              		.size	cy_meta_custnvl, 4
 1174              	cy_meta_custnvl:
 1175 0000 00       		.byte	0
 1176 0001 00       		.byte	0
 1177 0002 40       		.byte	64
 1178 0003 05       		.byte	5
 1179              		.section	.cymeta,"a",%progbits
 1180              		.align	2
 1181              		.type	cy_metadata, %object
 1182              		.size	cy_metadata, 12
 1183              	cy_metadata:
 1184 0000 00       		.byte	0
 1185 0001 01       		.byte	1
 1186 0002 2E       		.byte	46
 1187 0003 16       		.byte	22
 1188 0004 10       		.byte	16
 1189 0005 69       		.byte	105
 1190 0006 00       		.byte	0
 1191 0007 01       		.byte	1
 1192 0008 00       		.byte	0
 1193 0009 00       		.byte	0
 1194 000a 00       		.byte	0
 1195 000b 00       		.byte	0
 1196              		.section	.cyflashprotect,"a",%progbits
 1197              		.align	2
ARM GAS  C:\Users\esben\AppData\Local\Temp\ccX25f2h.s 			page 22


 1198              		.type	cy_meta_flashprotect, %object
 1199              		.size	cy_meta_flashprotect, 256
 1200              	cy_meta_flashprotect:
 1201 0000 00000000 		.space	256
 1201      00000000 
 1201      00000000 
 1201      00000000 
 1201      00000000 
 1202              		.text
 1203              	.Letext0:
 1204              		.file 1 "c:\\program files (x86)\\cypress\\psoc creator\\4.4\\psoc creator\\import\\gnu\\arm\\5.4.
 1205              		.file 2 "c:\\program files (x86)\\cypress\\psoc creator\\4.4\\psoc creator\\import\\gnu\\arm\\5.4.
 1206              		.file 3 "Generated_Source\\PSoC5\\cymetadata.c"
 1207              		.section	.debug_info,"",%progbits
 1208              	.Ldebug_info0:
 1209 0000 32010000 		.4byte	0x132
 1210 0004 0400     		.2byte	0x4
 1211 0006 00000000 		.4byte	.Ldebug_abbrev0
 1212 000a 04       		.byte	0x4
 1213 000b 01       		.uleb128 0x1
 1214 000c 24000000 		.4byte	.LASF17
 1215 0010 0C       		.byte	0xc
 1216 0011 FB010000 		.4byte	.LASF18
 1217 0015 25010000 		.4byte	.LASF19
 1218 0019 00000000 		.4byte	.Ldebug_line0
 1219 001d 02       		.uleb128 0x2
 1220 001e 01       		.byte	0x1
 1221 001f 06       		.byte	0x6
 1222 0020 EF010000 		.4byte	.LASF0
 1223 0024 03       		.uleb128 0x3
 1224 0025 00000000 		.4byte	.LASF9
 1225 0029 01       		.byte	0x1
 1226 002a 1D       		.byte	0x1d
 1227 002b 2F000000 		.4byte	0x2f
 1228 002f 02       		.uleb128 0x2
 1229 0030 01       		.byte	0x1
 1230 0031 08       		.byte	0x8
 1231 0032 16000000 		.4byte	.LASF1
 1232 0036 02       		.uleb128 0x2
 1233 0037 02       		.byte	0x2
 1234 0038 05       		.byte	0x5
 1235 0039 DC010000 		.4byte	.LASF2
 1236 003d 02       		.uleb128 0x2
 1237 003e 02       		.byte	0x2
 1238 003f 07       		.byte	0x7
 1239 0040 C4000000 		.4byte	.LASF3
 1240 0044 02       		.uleb128 0x2
 1241 0045 04       		.byte	0x4
 1242 0046 05       		.byte	0x5
 1243 0047 E6010000 		.4byte	.LASF4
 1244 004b 02       		.uleb128 0x2
 1245 004c 04       		.byte	0x4
 1246 004d 07       		.byte	0x7
 1247 004e B2000000 		.4byte	.LASF5
 1248 0052 02       		.uleb128 0x2
 1249 0053 08       		.byte	0x8
 1250 0054 05       		.byte	0x5
ARM GAS  C:\Users\esben\AppData\Local\Temp\ccX25f2h.s 			page 23


 1251 0055 CE010000 		.4byte	.LASF6
 1252 0059 02       		.uleb128 0x2
 1253 005a 08       		.byte	0x8
 1254 005b 07       		.byte	0x7
 1255 005c 06010000 		.4byte	.LASF7
 1256 0060 04       		.uleb128 0x4
 1257 0061 04       		.byte	0x4
 1258 0062 05       		.byte	0x5
 1259 0063 696E7400 		.ascii	"int\000"
 1260 0067 02       		.uleb128 0x2
 1261 0068 04       		.byte	0x4
 1262 0069 07       		.byte	0x7
 1263 006a F9000000 		.4byte	.LASF8
 1264 006e 03       		.uleb128 0x3
 1265 006f 1D010000 		.4byte	.LASF10
 1266 0073 02       		.byte	0x2
 1267 0074 18       		.byte	0x18
 1268 0075 24000000 		.4byte	0x24
 1269 0079 05       		.uleb128 0x5
 1270 007a 91000000 		.4byte	0x91
 1271 007e 8A000000 		.4byte	0x8a
 1272 0082 06       		.uleb128 0x6
 1273 0083 8A000000 		.4byte	0x8a
 1274 0087 6B04     		.2byte	0x46b
 1275 0089 00       		.byte	0
 1276 008a 02       		.uleb128 0x2
 1277 008b 04       		.byte	0x4
 1278 008c 07       		.byte	0x7
 1279 008d C5010000 		.4byte	.LASF11
 1280 0091 07       		.uleb128 0x7
 1281 0092 6E000000 		.4byte	0x6e
 1282 0096 08       		.uleb128 0x8
 1283 0097 E7000000 		.4byte	.LASF12
 1284 009b 03       		.byte	0x3
 1285 009c 1F       		.byte	0x1f
 1286 009d A7000000 		.4byte	0xa7
 1287 00a1 05       		.uleb128 0x5
 1288 00a2 03       		.byte	0x3
 1289 00a3 00000000 		.4byte	cy_meta_configecc
 1290 00a7 07       		.uleb128 0x7
 1291 00a8 79000000 		.4byte	0x79
 1292 00ac 05       		.uleb128 0x5
 1293 00ad 91000000 		.4byte	0x91
 1294 00b1 BC000000 		.4byte	0xbc
 1295 00b5 09       		.uleb128 0x9
 1296 00b6 8A000000 		.4byte	0x8a
 1297 00ba 03       		.byte	0x3
 1298 00bb 00       		.byte	0
 1299 00bc 08       		.uleb128 0x8
 1300 00bd D7000000 		.4byte	.LASF13
 1301 00c1 03       		.byte	0x3
 1302 00c2 BA       		.byte	0xba
 1303 00c3 CD000000 		.4byte	0xcd
 1304 00c7 05       		.uleb128 0x5
 1305 00c8 03       		.byte	0x3
 1306 00c9 00000000 		.4byte	cy_meta_custnvl
 1307 00cd 07       		.uleb128 0x7
ARM GAS  C:\Users\esben\AppData\Local\Temp\ccX25f2h.s 			page 24


 1308 00ce AC000000 		.4byte	0xac
 1309 00d2 08       		.uleb128 0x8
 1310 00d3 B7010000 		.4byte	.LASF14
 1311 00d7 03       		.byte	0x3
 1312 00d8 C8       		.byte	0xc8
 1313 00d9 E3000000 		.4byte	0xe3
 1314 00dd 05       		.uleb128 0x5
 1315 00de 03       		.byte	0x3
 1316 00df 00000000 		.4byte	cy_meta_wonvl
 1317 00e3 07       		.uleb128 0x7
 1318 00e4 AC000000 		.4byte	0xac
 1319 00e8 05       		.uleb128 0x5
 1320 00e9 91000000 		.4byte	0x91
 1321 00ed F8000000 		.4byte	0xf8
 1322 00f1 09       		.uleb128 0x9
 1323 00f2 8A000000 		.4byte	0x8a
 1324 00f6 FF       		.byte	0xff
 1325 00f7 00       		.byte	0
 1326 00f8 08       		.uleb128 0x8
 1327 00f9 A2010000 		.4byte	.LASF15
 1328 00fd 03       		.byte	0x3
 1329 00fe D6       		.byte	0xd6
 1330 00ff 09010000 		.4byte	0x109
 1331 0103 05       		.uleb128 0x5
 1332 0104 03       		.byte	0x3
 1333 0105 00000000 		.4byte	cy_meta_flashprotect
 1334 0109 07       		.uleb128 0x7
 1335 010a E8000000 		.4byte	0xe8
 1336 010e 05       		.uleb128 0x5
 1337 010f 91000000 		.4byte	0x91
 1338 0113 1E010000 		.4byte	0x11e
 1339 0117 09       		.uleb128 0x9
 1340 0118 8A000000 		.4byte	0x8a
 1341 011c 0B       		.byte	0xb
 1342 011d 00       		.byte	0
 1343 011e 0A       		.uleb128 0xa
 1344 011f 0A000000 		.4byte	.LASF16
 1345 0123 03       		.byte	0x3
 1346 0124 0301     		.2byte	0x103
 1347 0126 30010000 		.4byte	0x130
 1348 012a 05       		.uleb128 0x5
 1349 012b 03       		.byte	0x3
 1350 012c 00000000 		.4byte	cy_metadata
 1351 0130 07       		.uleb128 0x7
 1352 0131 0E010000 		.4byte	0x10e
 1353 0135 00       		.byte	0
 1354              		.section	.debug_abbrev,"",%progbits
 1355              	.Ldebug_abbrev0:
 1356 0000 01       		.uleb128 0x1
 1357 0001 11       		.uleb128 0x11
 1358 0002 01       		.byte	0x1
 1359 0003 25       		.uleb128 0x25
 1360 0004 0E       		.uleb128 0xe
 1361 0005 13       		.uleb128 0x13
 1362 0006 0B       		.uleb128 0xb
 1363 0007 03       		.uleb128 0x3
 1364 0008 0E       		.uleb128 0xe
ARM GAS  C:\Users\esben\AppData\Local\Temp\ccX25f2h.s 			page 25


 1365 0009 1B       		.uleb128 0x1b
 1366 000a 0E       		.uleb128 0xe
 1367 000b 10       		.uleb128 0x10
 1368 000c 17       		.uleb128 0x17
 1369 000d 00       		.byte	0
 1370 000e 00       		.byte	0
 1371 000f 02       		.uleb128 0x2
 1372 0010 24       		.uleb128 0x24
 1373 0011 00       		.byte	0
 1374 0012 0B       		.uleb128 0xb
 1375 0013 0B       		.uleb128 0xb
 1376 0014 3E       		.uleb128 0x3e
 1377 0015 0B       		.uleb128 0xb
 1378 0016 03       		.uleb128 0x3
 1379 0017 0E       		.uleb128 0xe
 1380 0018 00       		.byte	0
 1381 0019 00       		.byte	0
 1382 001a 03       		.uleb128 0x3
 1383 001b 16       		.uleb128 0x16
 1384 001c 00       		.byte	0
 1385 001d 03       		.uleb128 0x3
 1386 001e 0E       		.uleb128 0xe
 1387 001f 3A       		.uleb128 0x3a
 1388 0020 0B       		.uleb128 0xb
 1389 0021 3B       		.uleb128 0x3b
 1390 0022 0B       		.uleb128 0xb
 1391 0023 49       		.uleb128 0x49
 1392 0024 13       		.uleb128 0x13
 1393 0025 00       		.byte	0
 1394 0026 00       		.byte	0
 1395 0027 04       		.uleb128 0x4
 1396 0028 24       		.uleb128 0x24
 1397 0029 00       		.byte	0
 1398 002a 0B       		.uleb128 0xb
 1399 002b 0B       		.uleb128 0xb
 1400 002c 3E       		.uleb128 0x3e
 1401 002d 0B       		.uleb128 0xb
 1402 002e 03       		.uleb128 0x3
 1403 002f 08       		.uleb128 0x8
 1404 0030 00       		.byte	0
 1405 0031 00       		.byte	0
 1406 0032 05       		.uleb128 0x5
 1407 0033 01       		.uleb128 0x1
 1408 0034 01       		.byte	0x1
 1409 0035 49       		.uleb128 0x49
 1410 0036 13       		.uleb128 0x13
 1411 0037 01       		.uleb128 0x1
 1412 0038 13       		.uleb128 0x13
 1413 0039 00       		.byte	0
 1414 003a 00       		.byte	0
 1415 003b 06       		.uleb128 0x6
 1416 003c 21       		.uleb128 0x21
 1417 003d 00       		.byte	0
 1418 003e 49       		.uleb128 0x49
 1419 003f 13       		.uleb128 0x13
 1420 0040 2F       		.uleb128 0x2f
 1421 0041 05       		.uleb128 0x5
ARM GAS  C:\Users\esben\AppData\Local\Temp\ccX25f2h.s 			page 26


 1422 0042 00       		.byte	0
 1423 0043 00       		.byte	0
 1424 0044 07       		.uleb128 0x7
 1425 0045 26       		.uleb128 0x26
 1426 0046 00       		.byte	0
 1427 0047 49       		.uleb128 0x49
 1428 0048 13       		.uleb128 0x13
 1429 0049 00       		.byte	0
 1430 004a 00       		.byte	0
 1431 004b 08       		.uleb128 0x8
 1432 004c 34       		.uleb128 0x34
 1433 004d 00       		.byte	0
 1434 004e 03       		.uleb128 0x3
 1435 004f 0E       		.uleb128 0xe
 1436 0050 3A       		.uleb128 0x3a
 1437 0051 0B       		.uleb128 0xb
 1438 0052 3B       		.uleb128 0x3b
 1439 0053 0B       		.uleb128 0xb
 1440 0054 49       		.uleb128 0x49
 1441 0055 13       		.uleb128 0x13
 1442 0056 3F       		.uleb128 0x3f
 1443 0057 19       		.uleb128 0x19
 1444 0058 02       		.uleb128 0x2
 1445 0059 18       		.uleb128 0x18
 1446 005a 00       		.byte	0
 1447 005b 00       		.byte	0
 1448 005c 09       		.uleb128 0x9
 1449 005d 21       		.uleb128 0x21
 1450 005e 00       		.byte	0
 1451 005f 49       		.uleb128 0x49
 1452 0060 13       		.uleb128 0x13
 1453 0061 2F       		.uleb128 0x2f
 1454 0062 0B       		.uleb128 0xb
 1455 0063 00       		.byte	0
 1456 0064 00       		.byte	0
 1457 0065 0A       		.uleb128 0xa
 1458 0066 34       		.uleb128 0x34
 1459 0067 00       		.byte	0
 1460 0068 03       		.uleb128 0x3
 1461 0069 0E       		.uleb128 0xe
 1462 006a 3A       		.uleb128 0x3a
 1463 006b 0B       		.uleb128 0xb
 1464 006c 3B       		.uleb128 0x3b
 1465 006d 05       		.uleb128 0x5
 1466 006e 49       		.uleb128 0x49
 1467 006f 13       		.uleb128 0x13
 1468 0070 3F       		.uleb128 0x3f
 1469 0071 19       		.uleb128 0x19
 1470 0072 02       		.uleb128 0x2
 1471 0073 18       		.uleb128 0x18
 1472 0074 00       		.byte	0
 1473 0075 00       		.byte	0
 1474 0076 00       		.byte	0
 1475              		.section	.debug_aranges,"",%progbits
 1476 0000 14000000 		.4byte	0x14
 1477 0004 0200     		.2byte	0x2
 1478 0006 00000000 		.4byte	.Ldebug_info0
ARM GAS  C:\Users\esben\AppData\Local\Temp\ccX25f2h.s 			page 27


 1479 000a 04       		.byte	0x4
 1480 000b 00       		.byte	0
 1481 000c 0000     		.2byte	0
 1482 000e 0000     		.2byte	0
 1483 0010 00000000 		.4byte	0
 1484 0014 00000000 		.4byte	0
 1485              		.section	.debug_line,"",%progbits
 1486              	.Ldebug_line0:
 1487 0000 3D010000 		.section	.debug_str,"MS",%progbits,1
 1487      02003701 
 1487      00000201 
 1487      FB0E0D00 
 1487      01010101 
 1488              	.LASF9:
 1489 0000 5F5F7569 		.ascii	"__uint8_t\000"
 1489      6E74385F 
 1489      7400
 1490              	.LASF16:
 1491 000a 63795F6D 		.ascii	"cy_metadata\000"
 1491      65746164 
 1491      61746100 
 1492              	.LASF1:
 1493 0016 756E7369 		.ascii	"unsigned char\000"
 1493      676E6564 
 1493      20636861 
 1493      7200
 1494              	.LASF17:
 1495 0024 474E5520 		.ascii	"GNU C11 5.4.1 20160609 (release) [ARM/embedded-5-br"
 1495      43313120 
 1495      352E342E 
 1495      31203230 
 1495      31363036 
 1496 0057 616E6368 		.ascii	"anch revision 237715] -mcpu=cortex-m3 -mthumb -g -O"
 1496      20726576 
 1496      6973696F 
 1496      6E203233 
 1496      37373135 
 1497 008a 67202D66 		.ascii	"g -ffunction-sections -ffat-lto-objects\000"
 1497      66756E63 
 1497      74696F6E 
 1497      2D736563 
 1497      74696F6E 
 1498              	.LASF5:
 1499 00b2 6C6F6E67 		.ascii	"long unsigned int\000"
 1499      20756E73 
 1499      69676E65 
 1499      6420696E 
 1499      7400
 1500              	.LASF3:
 1501 00c4 73686F72 		.ascii	"short unsigned int\000"
 1501      7420756E 
 1501      7369676E 
 1501      65642069 
 1501      6E7400
 1502              	.LASF13:
 1503 00d7 63795F6D 		.ascii	"cy_meta_custnvl\000"
 1503      6574615F 
ARM GAS  C:\Users\esben\AppData\Local\Temp\ccX25f2h.s 			page 28


 1503      63757374 
 1503      6E766C00 
 1504              	.LASF12:
 1505 00e7 63795F6D 		.ascii	"cy_meta_configecc\000"
 1505      6574615F 
 1505      636F6E66 
 1505      69676563 
 1505      6300
 1506              	.LASF8:
 1507 00f9 756E7369 		.ascii	"unsigned int\000"
 1507      676E6564 
 1507      20696E74 
 1507      00
 1508              	.LASF7:
 1509 0106 6C6F6E67 		.ascii	"long long unsigned int\000"
 1509      206C6F6E 
 1509      6720756E 
 1509      7369676E 
 1509      65642069 
 1510              	.LASF10:
 1511 011d 75696E74 		.ascii	"uint8_t\000"
 1511      385F7400 
 1512              	.LASF19:
 1513 0125 433A5C55 		.ascii	"C:\\Users\\esben\\OneDrive - Aarhus universitet\\GF"
 1513      73657273 
 1513      5C657362 
 1513      656E5C4F 
 1513      6E654472 
 1514 0154 56204166 		.ascii	"V Afleveringer\\Aflevering 1 - DC-motor\\DC_Motor_g"
 1514      6C657665 
 1514      72696E67 
 1514      65725C41 
 1514      666C6576 
 1515 0185 72703432 		.ascii	"rp42\\DC-Motor-PWM_Opg2.cydsn\000"
 1515      5C44432D 
 1515      4D6F746F 
 1515      722D5057 
 1515      4D5F4F70 
 1516              	.LASF15:
 1517 01a2 63795F6D 		.ascii	"cy_meta_flashprotect\000"
 1517      6574615F 
 1517      666C6173 
 1517      6870726F 
 1517      74656374 
 1518              	.LASF14:
 1519 01b7 63795F6D 		.ascii	"cy_meta_wonvl\000"
 1519      6574615F 
 1519      776F6E76 
 1519      6C00
 1520              	.LASF11:
 1521 01c5 73697A65 		.ascii	"sizetype\000"
 1521      74797065 
 1521      00
 1522              	.LASF6:
 1523 01ce 6C6F6E67 		.ascii	"long long int\000"
 1523      206C6F6E 
 1523      6720696E 
ARM GAS  C:\Users\esben\AppData\Local\Temp\ccX25f2h.s 			page 29


 1523      7400
 1524              	.LASF2:
 1525 01dc 73686F72 		.ascii	"short int\000"
 1525      7420696E 
 1525      7400
 1526              	.LASF4:
 1527 01e6 6C6F6E67 		.ascii	"long int\000"
 1527      20696E74 
 1527      00
 1528              	.LASF0:
 1529 01ef 7369676E 		.ascii	"signed char\000"
 1529      65642063 
 1529      68617200 
 1530              	.LASF18:
 1531 01fb 47656E65 		.ascii	"Generated_Source\\PSoC5\\cymetadata.c\000"
 1531      72617465 
 1531      645F536F 
 1531      75726365 
 1531      5C50536F 
 1532              		.ident	"GCC: (GNU Tools for ARM Embedded Processors) 5.4.1 20160609 (release) [ARM/embedded-5-bran
