ARM GAS  C:\Users\lasse\AppData\Local\Temp\ccl8KCoF.s 			page 1


   1              		.syntax unified
   2              		.cpu cortex-m3
   3              		.fpu softvfp
   4              		.eabi_attribute 20, 1
   5              		.eabi_attribute 21, 1
   6              		.eabi_attribute 23, 3
   7              		.eabi_attribute 24, 1
   8              		.eabi_attribute 25, 1
   9              		.eabi_attribute 26, 1
  10              		.eabi_attribute 30, 1
  11              		.eabi_attribute 34, 1
  12              		.eabi_attribute 18, 4
  13              		.thumb
  14              		.syntax unified
  15              		.file	"cymetadata.c"
  16              		.text
  17              	.Ltext0:
  18              		.cfi_sections	.debug_frame
  19              		.global	cy_metadata
  20              		.global	cy_meta_flashprotect
  21              		.global	cy_meta_wonvl
  22              		.global	cy_meta_custnvl
  23              		.global	cy_meta_configecc
  24              		.section	.cyconfigecc,"a",%progbits
  25              		.align	2
  26              		.type	cy_meta_configecc, %object
  27              		.size	cy_meta_configecc, 800
  28              	cy_meta_configecc:
  29 0000 02       		.byte	2
  30 0001 4F       		.byte	79
  31 0002 00       		.byte	0
  32 0003 40       		.byte	64
  33 0004 03       		.byte	3
  34 0005 65       		.byte	101
  35 0006 00       		.byte	0
  36 0007 40       		.byte	64
  37 0008 01       		.byte	1
  38 0009 15       		.byte	21
  39 000a 01       		.byte	1
  40 000b 40       		.byte	64
  41 000c 04       		.byte	4
  42 000d 16       		.byte	22
  43 000e 01       		.byte	1
  44 000f 40       		.byte	64
  45 0010 02       		.byte	2
  46 0011 17       		.byte	23
  47 0012 01       		.byte	1
  48 0013 40       		.byte	64
  49 0014 0E       		.byte	14
  50 0015 18       		.byte	24
  51 0016 01       		.byte	1
  52 0017 40       		.byte	64
  53 0018 32       		.byte	50
  54 0019 19       		.byte	25
  55 001a 01       		.byte	1
  56 001b 40       		.byte	64
  57 001c 69       		.byte	105
ARM GAS  C:\Users\lasse\AppData\Local\Temp\ccl8KCoF.s 			page 2


  58 001d 1A       		.byte	26
  59 001e 01       		.byte	1
  60 001f 40       		.byte	64
  61 0020 4A       		.byte	74
  62 0021 1B       		.byte	27
  63 0022 01       		.byte	1
  64 0023 40       		.byte	64
  65 0024 03       		.byte	3
  66 0025 40       		.byte	64
  67 0026 01       		.byte	1
  68 0027 40       		.byte	64
  69 0028 01       		.byte	1
  70 0029 41       		.byte	65
  71 002a 01       		.byte	1
  72 002b 40       		.byte	64
  73 002c 03       		.byte	3
  74 002d 42       		.byte	66
  75 002e 01       		.byte	1
  76 002f 40       		.byte	64
  77 0030 01       		.byte	1
  78 0031 43       		.byte	67
  79 0032 01       		.byte	1
  80 0033 40       		.byte	64
  81 0034 05       		.byte	5
  82 0035 48       		.byte	72
  83 0036 01       		.byte	1
  84 0037 40       		.byte	64
  85 0038 03       		.byte	3
  86 0039 49       		.byte	73
  87 003a 01       		.byte	1
  88 003b 40       		.byte	64
  89 003c 07       		.byte	7
  90 003d 4D       		.byte	77
  91 003e 01       		.byte	1
  92 003f 40       		.byte	64
  93 0040 02       		.byte	2
  94 0041 50       		.byte	80
  95 0042 01       		.byte	1
  96 0043 40       		.byte	64
  97 0044 01       		.byte	1
  98 0045 51       		.byte	81
  99 0046 01       		.byte	1
 100 0047 40       		.byte	64
 101 0048 01       		.byte	1
 102 0049 10       		.byte	16
 103 004a 0A       		.byte	10
 104 004b 36       		.byte	54
 105 004c 88       		.byte	-120
 106 004d 72       		.byte	114
 107 004e 8A       		.byte	-118
 108 004f 0F       		.byte	15
 109 0050 8B       		.byte	-117
 110 0051 38       		.byte	56
 111 0052 E6       		.byte	-26
 112 0053 02       		.byte	2
 113 0054 B8       		.byte	-72
 114 0055 80       		.byte	-128
ARM GAS  C:\Users\lasse\AppData\Local\Temp\ccl8KCoF.s 			page 3


 115 0056 BE       		.byte	-66
 116 0057 40       		.byte	64
 117 0058 D8       		.byte	-40
 118 0059 04       		.byte	4
 119 005a DF       		.byte	-33
 120 005b 01       		.byte	1
 121 005c 1A       		.byte	26
 122 005d 02       		.byte	2
 123 005e 86       		.byte	-122
 124 005f 01       		.byte	1
 125 0060 80       		.byte	-128
 126 0061 04       		.byte	4
 127 0062 82       		.byte	-126
 128 0063 02       		.byte	2
 129 0064 84       		.byte	-124
 130 0065 02       		.byte	2
 131 0066 86       		.byte	-122
 132 0067 0C       		.byte	12
 133 0068 9C       		.byte	-100
 134 0069 08       		.byte	8
 135 006a 9E       		.byte	-98
 136 006b 02       		.byte	2
 137 006c A4       		.byte	-92
 138 006d 0F       		.byte	15
 139 006e A8       		.byte	-88
 140 006f 0F       		.byte	15
 141 0070 AC       		.byte	-84
 142 0071 01       		.byte	1
 143 0072 B2       		.byte	-78
 144 0073 0E       		.byte	14
 145 0074 B4       		.byte	-76
 146 0075 01       		.byte	1
 147 0076 BA       		.byte	-70
 148 0077 02       		.byte	2
 149 0078 D8       		.byte	-40
 150 0079 04       		.byte	4
 151 007a DF       		.byte	-33
 152 007b 01       		.byte	1
 153 007c 00       		.byte	0
 154 007d 02       		.byte	2
 155 007e 01       		.byte	1
 156 007f 08       		.byte	8
 157 0080 04       		.byte	4
 158 0081 10       		.byte	16
 159 0082 05       		.byte	5
 160 0083 02       		.byte	2
 161 0084 07       		.byte	7
 162 0085 11       		.byte	17
 163 0086 08       		.byte	8
 164 0087 80       		.byte	-128
 165 0088 0E       		.byte	14
 166 0089 60       		.byte	96
 167 008a 0F       		.byte	15
 168 008b 0A       		.byte	10
 169 008c 10       		.byte	16
 170 008d 2A       		.byte	42
 171 008e 14       		.byte	20
ARM GAS  C:\Users\lasse\AppData\Local\Temp\ccl8KCoF.s 			page 4


 172 008f 80       		.byte	-128
 173 0090 17       		.byte	23
 174 0091 28       		.byte	40
 175 0092 19       		.byte	25
 176 0093 0C       		.byte	12
 177 0094 1A       		.byte	26
 178 0095 08       		.byte	8
 179 0096 1B       		.byte	27
 180 0097 07       		.byte	7
 181 0098 1C       		.byte	28
 182 0099 10       		.byte	16
 183 009a 1D       		.byte	29
 184 009b 08       		.byte	8
 185 009c 1E       		.byte	30
 186 009d 4A       		.byte	74
 187 009e 1F       		.byte	31
 188 009f 04       		.byte	4
 189 00a0 25       		.byte	37
 190 00a1 50       		.byte	80
 191 00a2 26       		.byte	38
 192 00a3 02       		.byte	2
 193 00a4 27       		.byte	39
 194 00a5 10       		.byte	16
 195 00a6 2D       		.byte	45
 196 00a7 02       		.byte	2
 197 00a8 2F       		.byte	47
 198 00a9 26       		.byte	38
 199 00aa 35       		.byte	53
 200 00ab 40       		.byte	64
 201 00ac 36       		.byte	54
 202 00ad 02       		.byte	2
 203 00ae 37       		.byte	55
 204 00af 14       		.byte	20
 205 00b0 3E       		.byte	62
 206 00b1 6A       		.byte	106
 207 00b2 45       		.byte	69
 208 00b3 08       		.byte	8
 209 00b4 46       		.byte	70
 210 00b5 40       		.byte	64
 211 00b6 47       		.byte	71
 212 00b7 40       		.byte	64
 213 00b8 4E       		.byte	78
 214 00b9 06       		.byte	6
 215 00ba 57       		.byte	87
 216 00bb 28       		.byte	40
 217 00bc 5E       		.byte	94
 218 00bd 08       		.byte	8
 219 00be 62       		.byte	98
 220 00bf 40       		.byte	64
 221 00c0 63       		.byte	99
 222 00c1 02       		.byte	2
 223 00c2 6C       		.byte	108
 224 00c3 2A       		.byte	42
 225 00c4 6E       		.byte	110
 226 00c5 14       		.byte	20
 227 00c6 76       		.byte	118
 228 00c7 2A       		.byte	42
ARM GAS  C:\Users\lasse\AppData\Local\Temp\ccl8KCoF.s 			page 5


 229 00c8 77       		.byte	119
 230 00c9 29       		.byte	41
 231 00ca 89       		.byte	-119
 232 00cb 02       		.byte	2
 233 00cc 8A       		.byte	-118
 234 00cd 04       		.byte	4
 235 00ce C0       		.byte	-64
 236 00cf FC       		.byte	-4
 237 00d0 C2       		.byte	-62
 238 00d1 F1       		.byte	-15
 239 00d2 C4       		.byte	-60
 240 00d3 77       		.byte	119
 241 00d4 CA       		.byte	-54
 242 00d5 F0       		.byte	-16
 243 00d6 CC       		.byte	-52
 244 00d7 F0       		.byte	-16
 245 00d8 CE       		.byte	-50
 246 00d9 F0       		.byte	-16
 247 00da D0       		.byte	-48
 248 00db D0       		.byte	-48
 249 00dc D2       		.byte	-46
 250 00dd 30       		.byte	48
 251 00de D6       		.byte	-42
 252 00df 40       		.byte	64
 253 00e0 04       		.byte	4
 254 00e1 0C       		.byte	12
 255 00e2 05       		.byte	5
 256 00e3 33       		.byte	51
 257 00e4 06       		.byte	6
 258 00e5 11       		.byte	17
 259 00e6 07       		.byte	7
 260 00e7 04       		.byte	4
 261 00e8 08       		.byte	8
 262 00e9 20       		.byte	32
 263 00ea 09       		.byte	9
 264 00eb 40       		.byte	64
 265 00ec 0A       		.byte	10
 266 00ed 03       		.byte	3
 267 00ee 0B       		.byte	11
 268 00ef 15       		.byte	21
 269 00f0 0C       		.byte	12
 270 00f1 10       		.byte	16
 271 00f2 0D       		.byte	13
 272 00f3 33       		.byte	51
 273 00f4 0E       		.byte	14
 274 00f5 0C       		.byte	12
 275 00f6 0F       		.byte	15
 276 00f7 0C       		.byte	12
 277 00f8 10       		.byte	16
 278 00f9 1C       		.byte	28
 279 00fa 12       		.byte	18
 280 00fb 02       		.byte	2
 281 00fc 14       		.byte	20
 282 00fd 09       		.byte	9
 283 00fe 16       		.byte	22
 284 00ff 10       		.byte	16
 285 0100 19       		.byte	25
ARM GAS  C:\Users\lasse\AppData\Local\Temp\ccl8KCoF.s 			page 6


 286 0101 03       		.byte	3
 287 0102 1B       		.byte	27
 288 0103 14       		.byte	20
 289 0104 20       		.byte	32
 290 0105 10       		.byte	16
 291 0106 24       		.byte	36
 292 0107 14       		.byte	20
 293 0108 25       		.byte	37
 294 0109 80       		.byte	-128
 295 010a 2B       		.byte	43
 296 010b 08       		.byte	8
 297 010c 2D       		.byte	45
 298 010d 0A       		.byte	10
 299 010e 2F       		.byte	47
 300 010f 34       		.byte	52
 301 0110 30       		.byte	48
 302 0111 20       		.byte	32
 303 0112 31       		.byte	49
 304 0113 0F       		.byte	15
 305 0114 32       		.byte	50
 306 0115 1F       		.byte	31
 307 0116 33       		.byte	51
 308 0117 80       		.byte	-128
 309 0118 35       		.byte	53
 310 0119 60       		.byte	96
 311 011a 37       		.byte	55
 312 011b 10       		.byte	16
 313 011c 39       		.byte	57
 314 011d 20       		.byte	32
 315 011e 3B       		.byte	59
 316 011f 02       		.byte	2
 317 0120 3E       		.byte	62
 318 0121 01       		.byte	1
 319 0122 3F       		.byte	63
 320 0123 44       		.byte	68
 321 0124 40       		.byte	64
 322 0125 43       		.byte	67
 323 0126 41       		.byte	65
 324 0127 02       		.byte	2
 325 0128 45       		.byte	69
 326 0129 EC       		.byte	-20
 327 012a 46       		.byte	70
 328 012b B0       		.byte	-80
 329 012c 47       		.byte	71
 330 012d 0E       		.byte	14
 331 012e 48       		.byte	72
 332 012f 1B       		.byte	27
 333 0130 49       		.byte	73
 334 0131 FF       		.byte	-1
 335 0132 4A       		.byte	74
 336 0133 FF       		.byte	-1
 337 0134 4B       		.byte	75
 338 0135 FF       		.byte	-1
 339 0136 4E       		.byte	78
 340 0137 F0       		.byte	-16
 341 0138 4F       		.byte	79
 342 0139 44       		.byte	68
ARM GAS  C:\Users\lasse\AppData\Local\Temp\ccl8KCoF.s 			page 7


 343 013a 50       		.byte	80
 344 013b 0C       		.byte	12
 345 013c 54       		.byte	84
 346 013d 01       		.byte	1
 347 013e 58       		.byte	88
 348 013f 04       		.byte	4
 349 0140 59       		.byte	89
 350 0141 04       		.byte	4
 351 0142 5A       		.byte	90
 352 0143 04       		.byte	4
 353 0144 5B       		.byte	91
 354 0145 04       		.byte	4
 355 0146 5F       		.byte	95
 356 0147 01       		.byte	1
 357 0148 66       		.byte	102
 358 0149 C0       		.byte	-64
 359 014a 6A       		.byte	106
 360 014b 40       		.byte	64
 361 014c 6B       		.byte	107
 362 014d 02       		.byte	2
 363 014e 84       		.byte	-124
 364 014f 31       		.byte	49
 365 0150 85       		.byte	-123
 366 0151 18       		.byte	24
 367 0152 86       		.byte	-122
 368 0153 0E       		.byte	14
 369 0154 89       		.byte	-119
 370 0155 18       		.byte	24
 371 0156 8C       		.byte	-116
 372 0157 31       		.byte	49
 373 0158 8E       		.byte	-114
 374 0159 46       		.byte	70
 375 015a 8F       		.byte	-113
 376 015b 20       		.byte	32
 377 015c 90       		.byte	-112
 378 015d 6C       		.byte	108
 379 015e 92       		.byte	-110
 380 015f 03       		.byte	3
 381 0160 97       		.byte	-105
 382 0161 02       		.byte	2
 383 0162 99       		.byte	-103
 384 0163 08       		.byte	8
 385 0164 9B       		.byte	-101
 386 0165 15       		.byte	21
 387 0166 9D       		.byte	-99
 388 0167 10       		.byte	16
 389 0168 9E       		.byte	-98
 390 0169 08       		.byte	8
 391 016a 9F       		.byte	-97
 392 016b 0C       		.byte	12
 393 016c A6       		.byte	-90
 394 016d 13       		.byte	19
 395 016e AA       		.byte	-86
 396 016f 4C       		.byte	76
 397 0170 AB       		.byte	-85
 398 0171 20       		.byte	32
 399 0172 B0       		.byte	-80
ARM GAS  C:\Users\lasse\AppData\Local\Temp\ccl8KCoF.s 			page 8


 400 0173 0F       		.byte	15
 401 0174 B1       		.byte	-79
 402 0175 06       		.byte	6
 403 0176 B3       		.byte	-77
 404 0177 20       		.byte	32
 405 0178 B4       		.byte	-76
 406 0179 4A       		.byte	74
 407 017a B5       		.byte	-75
 408 017b 01       		.byte	1
 409 017c B6       		.byte	-74
 410 017d 30       		.byte	48
 411 017e B7       		.byte	-73
 412 017f 18       		.byte	24
 413 0180 B8       		.byte	-72
 414 0181 80       		.byte	-128
 415 0182 BA       		.byte	-70
 416 0183 22       		.byte	34
 417 0184 BE       		.byte	-66
 418 0185 40       		.byte	64
 419 0186 BF       		.byte	-65
 420 0187 05       		.byte	5
 421 0188 C0       		.byte	-64
 422 0189 01       		.byte	1
 423 018a C6       		.byte	-58
 424 018b 04       		.byte	4
 425 018c C9       		.byte	-55
 426 018d FF       		.byte	-1
 427 018e CA       		.byte	-54
 428 018f 07       		.byte	7
 429 0190 CB       		.byte	-53
 430 0191 FF       		.byte	-1
 431 0192 CC       		.byte	-52
 432 0193 40       		.byte	64
 433 0194 CD       		.byte	-51
 434 0195 20       		.byte	32
 435 0196 CE       		.byte	-50
 436 0197 F0       		.byte	-16
 437 0198 CF       		.byte	-49
 438 0199 05       		.byte	5
 439 019a D0       		.byte	-48
 440 019b 08       		.byte	8
 441 019c D4       		.byte	-44
 442 019d 18       		.byte	24
 443 019e D6       		.byte	-42
 444 019f 04       		.byte	4
 445 01a0 D8       		.byte	-40
 446 01a1 04       		.byte	4
 447 01a2 D9       		.byte	-39
 448 01a3 04       		.byte	4
 449 01a4 DA       		.byte	-38
 450 01a5 04       		.byte	4
 451 01a6 DB       		.byte	-37
 452 01a7 04       		.byte	4
 453 01a8 DF       		.byte	-33
 454 01a9 01       		.byte	1
 455 01aa E0       		.byte	-32
 456 01ab 40       		.byte	64
ARM GAS  C:\Users\lasse\AppData\Local\Temp\ccl8KCoF.s 			page 9


 457 01ac E1       		.byte	-31
 458 01ad A8       		.byte	-88
 459 01ae E2       		.byte	-30
 460 01af 40       		.byte	64
 461 01b0 E3       		.byte	-29
 462 01b1 20       		.byte	32
 463 01b2 00       		.byte	0
 464 01b3 54       		.byte	84
 465 01b4 04       		.byte	4
 466 01b5 44       		.byte	68
 467 01b6 0A       		.byte	10
 468 01b7 60       		.byte	96
 469 01b8 0C       		.byte	12
 470 01b9 80       		.byte	-128
 471 01ba 0E       		.byte	14
 472 01bb 40       		.byte	64
 473 01bc 10       		.byte	16
 474 01bd 84       		.byte	-124
 475 01be 12       		.byte	18
 476 01bf 20       		.byte	32
 477 01c0 13       		.byte	19
 478 01c1 20       		.byte	32
 479 01c2 14       		.byte	20
 480 01c3 28       		.byte	40
 481 01c4 15       		.byte	21
 482 01c5 20       		.byte	32
 483 01c6 16       		.byte	22
 484 01c7 10       		.byte	16
 485 01c8 18       		.byte	24
 486 01c9 10       		.byte	16
 487 01ca 1B       		.byte	27
 488 01cb 01       		.byte	1
 489 01cc 1C       		.byte	28
 490 01cd 04       		.byte	4
 491 01ce 1D       		.byte	29
 492 01cf 80       		.byte	-128
 493 01d0 1E       		.byte	30
 494 01d1 40       		.byte	64
 495 01d2 1F       		.byte	31
 496 01d3 02       		.byte	2
 497 01d4 20       		.byte	32
 498 01d5 40       		.byte	64
 499 01d6 21       		.byte	33
 500 01d7 10       		.byte	16
 501 01d8 22       		.byte	34
 502 01d9 54       		.byte	84
 503 01da 26       		.byte	38
 504 01db 80       		.byte	-128
 505 01dc 27       		.byte	39
 506 01dd 64       		.byte	100
 507 01de 28       		.byte	40
 508 01df 08       		.byte	8
 509 01e0 2A       		.byte	42
 510 01e1 04       		.byte	4
 511 01e2 2B       		.byte	43
 512 01e3 02       		.byte	2
 513 01e4 2F       		.byte	47
ARM GAS  C:\Users\lasse\AppData\Local\Temp\ccl8KCoF.s 			page 10


 514 01e5 08       		.byte	8
 515 01e6 30       		.byte	48
 516 01e7 30       		.byte	48
 517 01e8 34       		.byte	52
 518 01e9 80       		.byte	-128
 519 01ea 35       		.byte	53
 520 01eb 04       		.byte	4
 521 01ec 36       		.byte	54
 522 01ed 90       		.byte	-112
 523 01ee 38       		.byte	56
 524 01ef 44       		.byte	68
 525 01f0 3A       		.byte	58
 526 01f1 10       		.byte	16
 527 01f2 3D       		.byte	61
 528 01f3 80       		.byte	-128
 529 01f4 3E       		.byte	62
 530 01f5 14       		.byte	20
 531 01f6 40       		.byte	64
 532 01f7 64       		.byte	100
 533 01f8 45       		.byte	69
 534 01f9 80       		.byte	-128
 535 01fa 48       		.byte	72
 536 01fb 20       		.byte	32
 537 01fc 49       		.byte	73
 538 01fd 01       		.byte	1
 539 01fe 52       		.byte	82
 540 01ff 24       		.byte	36
 541 0200 54       		.byte	84
 542 0201 80       		.byte	-128
 543 0202 56       		.byte	86
 544 0203 10       		.byte	16
 545 0204 58       		.byte	88
 546 0205 10       		.byte	16
 547 0206 59       		.byte	89
 548 0207 01       		.byte	1
 549 0208 5A       		.byte	90
 550 0209 88       		.byte	-120
 551 020a 5E       		.byte	94
 552 020b 02       		.byte	2
 553 020c 64       		.byte	100
 554 020d 04       		.byte	4
 555 020e 67       		.byte	103
 556 020f 41       		.byte	65
 557 0210 87       		.byte	-121
 558 0211 41       		.byte	65
 559 0212 88       		.byte	-120
 560 0213 01       		.byte	1
 561 0214 89       		.byte	-119
 562 0215 40       		.byte	64
 563 0216 8A       		.byte	-118
 564 0217 10       		.byte	16
 565 0218 92       		.byte	-110
 566 0219 14       		.byte	20
 567 021a 93       		.byte	-109
 568 021b 01       		.byte	1
 569 021c 99       		.byte	-103
 570 021d 04       		.byte	4
ARM GAS  C:\Users\lasse\AppData\Local\Temp\ccl8KCoF.s 			page 11


 571 021e 9C       		.byte	-100
 572 021f 80       		.byte	-128
 573 0220 9D       		.byte	-99
 574 0221 40       		.byte	64
 575 0222 9F       		.byte	-97
 576 0223 44       		.byte	68
 577 0224 A1       		.byte	-95
 578 0225 40       		.byte	64
 579 0226 A2       		.byte	-94
 580 0227 01       		.byte	1
 581 0228 A3       		.byte	-93
 582 0229 08       		.byte	8
 583 022a A4       		.byte	-92
 584 022b 01       		.byte	1
 585 022c A6       		.byte	-90
 586 022d 10       		.byte	16
 587 022e B5       		.byte	-75
 588 022f 10       		.byte	16
 589 0230 B7       		.byte	-73
 590 0231 01       		.byte	1
 591 0232 C0       		.byte	-64
 592 0233 A7       		.byte	-89
 593 0234 C2       		.byte	-62
 594 0235 9C       		.byte	-100
 595 0236 C4       		.byte	-60
 596 0237 6C       		.byte	108
 597 0238 CA       		.byte	-54
 598 0239 2E       		.byte	46
 599 023a CC       		.byte	-52
 600 023b 74       		.byte	116
 601 023c CE       		.byte	-50
 602 023d 7E       		.byte	126
 603 023e D0       		.byte	-48
 604 023f 17       		.byte	23
 605 0240 D6       		.byte	-42
 606 0241 8F       		.byte	-113
 607 0242 D8       		.byte	-40
 608 0243 B0       		.byte	-80
 609 0244 E4       		.byte	-28
 610 0245 08       		.byte	8
 611 0246 32       		.byte	50
 612 0247 80       		.byte	-128
 613 0248 36       		.byte	54
 614 0249 20       		.byte	32
 615 024a CC       		.byte	-52
 616 024b 30       		.byte	48
 617 024c A6       		.byte	-90
 618 024d A0       		.byte	-96
 619 024e 12       		.byte	18
 620 024f 80       		.byte	-128
 621 0250 A6       		.byte	-90
 622 0251 A0       		.byte	-96
 623 0252 C4       		.byte	-60
 624 0253 10       		.byte	16
 625 0254 A6       		.byte	-90
 626 0255 20       		.byte	32
 627 0256 67       		.byte	103
ARM GAS  C:\Users\lasse\AppData\Local\Temp\ccl8KCoF.s 			page 12


 628 0257 20       		.byte	32
 629 0258 87       		.byte	-121
 630 0259 10       		.byte	16
 631 025a A6       		.byte	-90
 632 025b 20       		.byte	32
 633 025c D8       		.byte	-40
 634 025d 80       		.byte	-128
 635 025e E6       		.byte	-26
 636 025f 40       		.byte	64
 637 0260 86       		.byte	-122
 638 0261 20       		.byte	32
 639 0262 A6       		.byte	-90
 640 0263 20       		.byte	32
 641 0264 E6       		.byte	-26
 642 0265 40       		.byte	64
 643 0266 10       		.byte	16
 644 0267 40       		.byte	64
 645 0268 74       		.byte	116
 646 0269 01       		.byte	1
 647 026a 84       		.byte	-124
 648 026b 01       		.byte	1
 649 026c 88       		.byte	-120
 650 026d 40       		.byte	64
 651 026e C4       		.byte	-60
 652 026f 08       		.byte	8
 653 0270 DE       		.byte	-34
 654 0271 04       		.byte	4
 655 0272 E2       		.byte	-30
 656 0273 01       		.byte	1
 657 0274 10       		.byte	16
 658 0275 01       		.byte	1
 659 0276 1C       		.byte	28
 660 0277 01       		.byte	1
 661 0278 00       		.byte	0
 662 0279 0E       		.byte	14
 663 027a 00       		.byte	0
 664 027b 00       		.byte	0
 665 027c 80       		.byte	-128
 666 027d 80       		.byte	-128
 667 027e 00       		.byte	0
 668 027f 00       		.byte	0
 669 0280 40       		.byte	64
 670 0281 00       		.byte	0
 671 0282 00       		.byte	0
 672 0283 00       		.byte	0
 673 0284 00       		.byte	0
 674 0285 10       		.byte	16
 675 0286 E3       		.byte	-29
 676 0287 00       		.byte	0
 677 0288 1C       		.byte	28
 678 0289 08       		.byte	8
 679 028a E3       		.byte	-29
 680 028b 00       		.byte	0
 681 028c F3       		.byte	-13
 682 028d 18       		.byte	24
 683 028e 0C       		.byte	12
 684 028f 00       		.byte	0
ARM GAS  C:\Users\lasse\AppData\Local\Temp\ccl8KCoF.s 			page 13


 685 0290 08       		.byte	8
 686 0291 1C       		.byte	28
 687 0292 00       		.byte	0
 688 0293 61       		.byte	97
 689 0294 1F       		.byte	31
 690 0295 00       		.byte	0
 691 0296 E0       		.byte	-32
 692 0297 80       		.byte	-128
 693 0298 41       		.byte	65
 694 0299 00       		.byte	0
 695 029a 00       		.byte	0
 696 029b 04       		.byte	4
 697 029c C3       		.byte	-61
 698 029d 3C       		.byte	60
 699 029e 00       		.byte	0
 700 029f 42       		.byte	66
 701 02a0 FF       		.byte	-1
 702 02a1 04       		.byte	4
 703 02a2 00       		.byte	0
 704 02a3 00       		.byte	0
 705 02a4 82       		.byte	-126
 706 02a5 00       		.byte	0
 707 02a6 00       		.byte	0
 708 02a7 23       		.byte	35
 709 02a8 04       		.byte	4
 710 02a9 00       		.byte	0
 711 02aa 00       		.byte	0
 712 02ab 80       		.byte	-128
 713 02ac 0C       		.byte	12
 714 02ad 67       		.byte	103
 715 02ae 00       		.byte	0
 716 02af 18       		.byte	24
 717 02b0 00       		.byte	0
 718 02b1 7F       		.byte	127
 719 02b2 00       		.byte	0
 720 02b3 00       		.byte	0
 721 02b4 2C       		.byte	44
 722 02b5 38       		.byte	56
 723 02b6 0F       		.byte	15
 724 02b7 1F       		.byte	31
 725 02b8 10       		.byte	16
 726 02b9 80       		.byte	-128
 727 02ba C0       		.byte	-64
 728 02bb 40       		.byte	64
 729 02bc 00       		.byte	0
 730 02bd 80       		.byte	-128
 731 02be 0A       		.byte	10
 732 02bf 08       		.byte	8
 733 02c0 00       		.byte	0
 734 02c1 00       		.byte	0
 735 02c2 10       		.byte	16
 736 02c3 10       		.byte	16
 737 02c4 36       		.byte	54
 738 02c5 04       		.byte	4
 739 02c6 05       		.byte	5
 740 02c7 00       		.byte	0
 741 02c8 01       		.byte	1
ARM GAS  C:\Users\lasse\AppData\Local\Temp\ccl8KCoF.s 			page 14


 742 02c9 00       		.byte	0
 743 02ca C0       		.byte	-64
 744 02cb 0E       		.byte	14
 745 02cc 18       		.byte	24
 746 02cd FF       		.byte	-1
 747 02ce FF       		.byte	-1
 748 02cf FF       		.byte	-1
 749 02d0 62       		.byte	98
 750 02d1 A0       		.byte	-96
 751 02d2 F0       		.byte	-16
 752 02d3 41       		.byte	65
 753 02d4 0C       		.byte	12
 754 02d5 00       		.byte	0
 755 02d6 00       		.byte	0
 756 02d7 00       		.byte	0
 757 02d8 00       		.byte	0
 758 02d9 00       		.byte	0
 759 02da 02       		.byte	2
 760 02db 12       		.byte	18
 761 02dc 04       		.byte	4
 762 02dd 04       		.byte	4
 763 02de 04       		.byte	4
 764 02df 04       		.byte	4
 765 02e0 00       		.byte	0
 766 02e1 00       		.byte	0
 767 02e2 00       		.byte	0
 768 02e3 01       		.byte	1
 769 02e4 00       		.byte	0
 770 02e5 00       		.byte	0
 771 02e6 00       		.byte	0
 772 02e7 00       		.byte	0
 773 02e8 00       		.byte	0
 774 02e9 00       		.byte	0
 775 02ea 40       		.byte	64
 776 02eb 02       		.byte	2
 777 02ec 00       		.byte	0
 778 02ed 10       		.byte	16
 779 02ee 30       		.byte	48
 780 02ef 10       		.byte	16
 781 02f0 00       		.byte	0
 782 02f1 10       		.byte	16
 783 02f2 10       		.byte	16
 784 02f3 12       		.byte	18
 785 02f4 00       		.byte	0
 786 02f5 00       		.byte	0
 787 02f6 00       		.byte	0
 788 02f7 00       		.byte	0
 789 02f8 00       		.byte	0
 790 02f9 00       		.byte	0
 791 02fa 00       		.byte	0
 792 02fb 00       		.byte	0
 793 02fc 00       		.byte	0
 794 02fd 00       		.byte	0
 795 02fe 00       		.byte	0
 796 02ff 00       		.byte	0
 797 0300 00       		.byte	0
 798 0301 00       		.byte	0
ARM GAS  C:\Users\lasse\AppData\Local\Temp\ccl8KCoF.s 			page 15


 799 0302 00       		.byte	0
 800 0303 00       		.byte	0
 801 0304 80       		.byte	-128
 802 0305 00       		.byte	0
 803 0306 40       		.byte	64
 804 0307 80       		.byte	-128
 805 0308 80       		.byte	-128
 806 0309 00       		.byte	0
 807 030a 80       		.byte	-128
 808 030b 00       		.byte	0
 809 030c 00       		.byte	0
 810 030d 00       		.byte	0
 811 030e 00       		.byte	0
 812 030f 00       		.byte	0
 813 0310 00       		.byte	0
 814 0311 0B       		.byte	11
 815 0312 0B       		.byte	11
 816 0313 00       		.byte	0
 817 0314 00       		.byte	0
 818 0315 00       		.byte	0
 819 0316 00       		.byte	0
 820 0317 00       		.byte	0
 821 0318 00       		.byte	0
 822 0319 78       		.byte	120
 823 031a 78       		.byte	120
 824 031b 00       		.byte	0
 825 031c 00       		.byte	0
 826 031d 00       		.byte	0
 827 031e 00       		.byte	0
 828 031f 00       		.byte	0
 829              		.section	.cywolatch,"a",%progbits
 830              		.align	2
 831              		.type	cy_meta_wonvl, %object
 832              		.size	cy_meta_wonvl, 4
 833              	cy_meta_wonvl:
 834 0000 BC       		.byte	-68
 835 0001 90       		.byte	-112
 836 0002 AC       		.byte	-84
 837 0003 AF       		.byte	-81
 838              		.section	.cycustnvl,"a",%progbits
 839              		.align	2
 840              		.type	cy_meta_custnvl, %object
 841              		.size	cy_meta_custnvl, 4
 842              	cy_meta_custnvl:
 843 0000 00       		.byte	0
 844 0001 00       		.byte	0
 845 0002 40       		.byte	64
 846 0003 05       		.byte	5
 847              		.section	.cymeta,"a",%progbits
 848              		.align	2
 849              		.type	cy_metadata, %object
 850              		.size	cy_metadata, 12
 851              	cy_metadata:
 852 0000 00       		.byte	0
 853 0001 01       		.byte	1
 854 0002 2E       		.byte	46
 855 0003 16       		.byte	22
ARM GAS  C:\Users\lasse\AppData\Local\Temp\ccl8KCoF.s 			page 16


 856 0004 10       		.byte	16
 857 0005 69       		.byte	105
 858 0006 00       		.byte	0
 859 0007 01       		.byte	1
 860 0008 00       		.byte	0
 861 0009 00       		.byte	0
 862 000a 00       		.byte	0
 863 000b 00       		.byte	0
 864              		.section	.cyflashprotect,"a",%progbits
 865              		.align	2
 866              		.type	cy_meta_flashprotect, %object
 867              		.size	cy_meta_flashprotect, 256
 868              	cy_meta_flashprotect:
 869 0000 00000000 		.space	256
 869      00000000 
 869      00000000 
 869      00000000 
 869      00000000 
 870              		.text
 871              	.Letext0:
 872              		.file 1 "c:\\program files (x86)\\cypress\\psoc creator\\4.4\\psoc creator\\import\\gnu\\arm\\5.4.
 873              		.file 2 "c:\\program files (x86)\\cypress\\psoc creator\\4.4\\psoc creator\\import\\gnu\\arm\\5.4.
 874              		.file 3 "Generated_Source\\PSoC5\\cymetadata.c"
 875              		.section	.debug_info,"",%progbits
 876              	.Ldebug_info0:
 877 0000 31010000 		.4byte	0x131
 878 0004 0400     		.2byte	0x4
 879 0006 00000000 		.4byte	.Ldebug_abbrev0
 880 000a 04       		.byte	0x4
 881 000b 01       		.uleb128 0x1
 882 000c B1000000 		.4byte	.LASF17
 883 0010 0C       		.byte	0xc
 884 0011 0B020000 		.4byte	.LASF18
 885 0015 0A000000 		.4byte	.LASF19
 886 0019 00000000 		.4byte	.Ldebug_line0
 887 001d 02       		.uleb128 0x2
 888 001e 01       		.byte	0x1
 889 001f 06       		.byte	0x6
 890 0020 FF010000 		.4byte	.LASF0
 891 0024 03       		.uleb128 0x3
 892 0025 00000000 		.4byte	.LASF9
 893 0029 01       		.byte	0x1
 894 002a 1D       		.byte	0x1d
 895 002b 2F000000 		.4byte	0x2f
 896 002f 02       		.uleb128 0x2
 897 0030 01       		.byte	0x1
 898 0031 08       		.byte	0x8
 899 0032 A3000000 		.4byte	.LASF1
 900 0036 02       		.uleb128 0x2
 901 0037 02       		.byte	0x2
 902 0038 05       		.byte	0x5
 903 0039 EC010000 		.4byte	.LASF2
 904 003d 02       		.uleb128 0x2
 905 003e 02       		.byte	0x2
 906 003f 07       		.byte	0x7
 907 0040 51010000 		.4byte	.LASF3
 908 0044 02       		.uleb128 0x2
ARM GAS  C:\Users\lasse\AppData\Local\Temp\ccl8KCoF.s 			page 17


 909 0045 04       		.byte	0x4
 910 0046 05       		.byte	0x5
 911 0047 F6010000 		.4byte	.LASF4
 912 004b 02       		.uleb128 0x2
 913 004c 04       		.byte	0x4
 914 004d 07       		.byte	0x7
 915 004e 3F010000 		.4byte	.LASF5
 916 0052 02       		.uleb128 0x2
 917 0053 08       		.byte	0x8
 918 0054 05       		.byte	0x5
 919 0055 DE010000 		.4byte	.LASF6
 920 0059 02       		.uleb128 0x2
 921 005a 08       		.byte	0x8
 922 005b 07       		.byte	0x7
 923 005c 93010000 		.4byte	.LASF7
 924 0060 04       		.uleb128 0x4
 925 0061 04       		.byte	0x4
 926 0062 05       		.byte	0x5
 927 0063 696E7400 		.ascii	"int\000"
 928 0067 02       		.uleb128 0x2
 929 0068 04       		.byte	0x4
 930 0069 07       		.byte	0x7
 931 006a 86010000 		.4byte	.LASF8
 932 006e 03       		.uleb128 0x3
 933 006f AA010000 		.4byte	.LASF10
 934 0073 02       		.byte	0x2
 935 0074 18       		.byte	0x18
 936 0075 24000000 		.4byte	0x24
 937 0079 05       		.uleb128 0x5
 938 007a 91000000 		.4byte	0x91
 939 007e 8A000000 		.4byte	0x8a
 940 0082 06       		.uleb128 0x6
 941 0083 8A000000 		.4byte	0x8a
 942 0087 1F03     		.2byte	0x31f
 943 0089 00       		.byte	0
 944 008a 02       		.uleb128 0x2
 945 008b 04       		.byte	0x4
 946 008c 07       		.byte	0x7
 947 008d D5010000 		.4byte	.LASF11
 948 0091 07       		.uleb128 0x7
 949 0092 6E000000 		.4byte	0x6e
 950 0096 08       		.uleb128 0x8
 951 0097 74010000 		.4byte	.LASF12
 952 009b 03       		.byte	0x3
 953 009c 1F       		.byte	0x1f
 954 009d A7000000 		.4byte	0xa7
 955 00a1 05       		.uleb128 0x5
 956 00a2 03       		.byte	0x3
 957 00a3 00000000 		.4byte	cy_meta_configecc
 958 00a7 07       		.uleb128 0x7
 959 00a8 79000000 		.4byte	0x79
 960 00ac 05       		.uleb128 0x5
 961 00ad 91000000 		.4byte	0x91
 962 00b1 BC000000 		.4byte	0xbc
 963 00b5 09       		.uleb128 0x9
 964 00b6 8A000000 		.4byte	0x8a
 965 00ba 03       		.byte	0x3
ARM GAS  C:\Users\lasse\AppData\Local\Temp\ccl8KCoF.s 			page 18


 966 00bb 00       		.byte	0
 967 00bc 08       		.uleb128 0x8
 968 00bd 64010000 		.4byte	.LASF13
 969 00c1 03       		.byte	0x3
 970 00c2 90       		.byte	0x90
 971 00c3 CD000000 		.4byte	0xcd
 972 00c7 05       		.uleb128 0x5
 973 00c8 03       		.byte	0x3
 974 00c9 00000000 		.4byte	cy_meta_custnvl
 975 00cd 07       		.uleb128 0x7
 976 00ce AC000000 		.4byte	0xac
 977 00d2 08       		.uleb128 0x8
 978 00d3 C7010000 		.4byte	.LASF14
 979 00d7 03       		.byte	0x3
 980 00d8 9E       		.byte	0x9e
 981 00d9 E3000000 		.4byte	0xe3
 982 00dd 05       		.uleb128 0x5
 983 00de 03       		.byte	0x3
 984 00df 00000000 		.4byte	cy_meta_wonvl
 985 00e3 07       		.uleb128 0x7
 986 00e4 AC000000 		.4byte	0xac
 987 00e8 05       		.uleb128 0x5
 988 00e9 91000000 		.4byte	0x91
 989 00ed F8000000 		.4byte	0xf8
 990 00f1 09       		.uleb128 0x9
 991 00f2 8A000000 		.4byte	0x8a
 992 00f6 FF       		.byte	0xff
 993 00f7 00       		.byte	0
 994 00f8 08       		.uleb128 0x8
 995 00f9 B2010000 		.4byte	.LASF15
 996 00fd 03       		.byte	0x3
 997 00fe AC       		.byte	0xac
 998 00ff 09010000 		.4byte	0x109
 999 0103 05       		.uleb128 0x5
 1000 0104 03       		.byte	0x3
 1001 0105 00000000 		.4byte	cy_meta_flashprotect
 1002 0109 07       		.uleb128 0x7
 1003 010a E8000000 		.4byte	0xe8
 1004 010e 05       		.uleb128 0x5
 1005 010f 91000000 		.4byte	0x91
 1006 0113 1E010000 		.4byte	0x11e
 1007 0117 09       		.uleb128 0x9
 1008 0118 8A000000 		.4byte	0x8a
 1009 011c 0B       		.byte	0xb
 1010 011d 00       		.byte	0
 1011 011e 08       		.uleb128 0x8
 1012 011f 97000000 		.4byte	.LASF16
 1013 0123 03       		.byte	0x3
 1014 0124 D9       		.byte	0xd9
 1015 0125 2F010000 		.4byte	0x12f
 1016 0129 05       		.uleb128 0x5
 1017 012a 03       		.byte	0x3
 1018 012b 00000000 		.4byte	cy_metadata
 1019 012f 07       		.uleb128 0x7
 1020 0130 0E010000 		.4byte	0x10e
 1021 0134 00       		.byte	0
 1022              		.section	.debug_abbrev,"",%progbits
ARM GAS  C:\Users\lasse\AppData\Local\Temp\ccl8KCoF.s 			page 19


 1023              	.Ldebug_abbrev0:
 1024 0000 01       		.uleb128 0x1
 1025 0001 11       		.uleb128 0x11
 1026 0002 01       		.byte	0x1
 1027 0003 25       		.uleb128 0x25
 1028 0004 0E       		.uleb128 0xe
 1029 0005 13       		.uleb128 0x13
 1030 0006 0B       		.uleb128 0xb
 1031 0007 03       		.uleb128 0x3
 1032 0008 0E       		.uleb128 0xe
 1033 0009 1B       		.uleb128 0x1b
 1034 000a 0E       		.uleb128 0xe
 1035 000b 10       		.uleb128 0x10
 1036 000c 17       		.uleb128 0x17
 1037 000d 00       		.byte	0
 1038 000e 00       		.byte	0
 1039 000f 02       		.uleb128 0x2
 1040 0010 24       		.uleb128 0x24
 1041 0011 00       		.byte	0
 1042 0012 0B       		.uleb128 0xb
 1043 0013 0B       		.uleb128 0xb
 1044 0014 3E       		.uleb128 0x3e
 1045 0015 0B       		.uleb128 0xb
 1046 0016 03       		.uleb128 0x3
 1047 0017 0E       		.uleb128 0xe
 1048 0018 00       		.byte	0
 1049 0019 00       		.byte	0
 1050 001a 03       		.uleb128 0x3
 1051 001b 16       		.uleb128 0x16
 1052 001c 00       		.byte	0
 1053 001d 03       		.uleb128 0x3
 1054 001e 0E       		.uleb128 0xe
 1055 001f 3A       		.uleb128 0x3a
 1056 0020 0B       		.uleb128 0xb
 1057 0021 3B       		.uleb128 0x3b
 1058 0022 0B       		.uleb128 0xb
 1059 0023 49       		.uleb128 0x49
 1060 0024 13       		.uleb128 0x13
 1061 0025 00       		.byte	0
 1062 0026 00       		.byte	0
 1063 0027 04       		.uleb128 0x4
 1064 0028 24       		.uleb128 0x24
 1065 0029 00       		.byte	0
 1066 002a 0B       		.uleb128 0xb
 1067 002b 0B       		.uleb128 0xb
 1068 002c 3E       		.uleb128 0x3e
 1069 002d 0B       		.uleb128 0xb
 1070 002e 03       		.uleb128 0x3
 1071 002f 08       		.uleb128 0x8
 1072 0030 00       		.byte	0
 1073 0031 00       		.byte	0
 1074 0032 05       		.uleb128 0x5
 1075 0033 01       		.uleb128 0x1
 1076 0034 01       		.byte	0x1
 1077 0035 49       		.uleb128 0x49
 1078 0036 13       		.uleb128 0x13
 1079 0037 01       		.uleb128 0x1
ARM GAS  C:\Users\lasse\AppData\Local\Temp\ccl8KCoF.s 			page 20


 1080 0038 13       		.uleb128 0x13
 1081 0039 00       		.byte	0
 1082 003a 00       		.byte	0
 1083 003b 06       		.uleb128 0x6
 1084 003c 21       		.uleb128 0x21
 1085 003d 00       		.byte	0
 1086 003e 49       		.uleb128 0x49
 1087 003f 13       		.uleb128 0x13
 1088 0040 2F       		.uleb128 0x2f
 1089 0041 05       		.uleb128 0x5
 1090 0042 00       		.byte	0
 1091 0043 00       		.byte	0
 1092 0044 07       		.uleb128 0x7
 1093 0045 26       		.uleb128 0x26
 1094 0046 00       		.byte	0
 1095 0047 49       		.uleb128 0x49
 1096 0048 13       		.uleb128 0x13
 1097 0049 00       		.byte	0
 1098 004a 00       		.byte	0
 1099 004b 08       		.uleb128 0x8
 1100 004c 34       		.uleb128 0x34
 1101 004d 00       		.byte	0
 1102 004e 03       		.uleb128 0x3
 1103 004f 0E       		.uleb128 0xe
 1104 0050 3A       		.uleb128 0x3a
 1105 0051 0B       		.uleb128 0xb
 1106 0052 3B       		.uleb128 0x3b
 1107 0053 0B       		.uleb128 0xb
 1108 0054 49       		.uleb128 0x49
 1109 0055 13       		.uleb128 0x13
 1110 0056 3F       		.uleb128 0x3f
 1111 0057 19       		.uleb128 0x19
 1112 0058 02       		.uleb128 0x2
 1113 0059 18       		.uleb128 0x18
 1114 005a 00       		.byte	0
 1115 005b 00       		.byte	0
 1116 005c 09       		.uleb128 0x9
 1117 005d 21       		.uleb128 0x21
 1118 005e 00       		.byte	0
 1119 005f 49       		.uleb128 0x49
 1120 0060 13       		.uleb128 0x13
 1121 0061 2F       		.uleb128 0x2f
 1122 0062 0B       		.uleb128 0xb
 1123 0063 00       		.byte	0
 1124 0064 00       		.byte	0
 1125 0065 00       		.byte	0
 1126              		.section	.debug_aranges,"",%progbits
 1127 0000 14000000 		.4byte	0x14
 1128 0004 0200     		.2byte	0x2
 1129 0006 00000000 		.4byte	.Ldebug_info0
 1130 000a 04       		.byte	0x4
 1131 000b 00       		.byte	0
 1132 000c 0000     		.2byte	0
 1133 000e 0000     		.2byte	0
 1134 0010 00000000 		.4byte	0
 1135 0014 00000000 		.4byte	0
 1136              		.section	.debug_line,"",%progbits
ARM GAS  C:\Users\lasse\AppData\Local\Temp\ccl8KCoF.s 			page 21


 1137              	.Ldebug_line0:
 1138 0000 3D010000 		.section	.debug_str,"MS",%progbits,1
 1138      02003701 
 1138      00000201 
 1138      FB0E0D00 
 1138      01010101 
 1139              	.LASF9:
 1140 0000 5F5F7569 		.ascii	"__uint8_t\000"
 1140      6E74385F 
 1140      7400
 1141              	.LASF19:
 1142 000a 433A5C55 		.ascii	"C:\\Users\\lasse\\OneDrive - Aarhus universitet\\2."
 1142      73657273 
 1142      5C6C6173 
 1142      73655C4F 
 1142      6E654472 
 1143 0039 2053656D 		.ascii	" Semester\\GFV\\GFV Afleveringer\\Aflevering 1 - DC"
 1143      65737465 
 1143      725C4746 
 1143      565C4746 
 1143      56204166 
 1144 0069 2D6D6F74 		.ascii	"-motor\\DC_Motor_grp42\\DC-Motor-PWM_Opg3.cydsn\000"
 1144      6F725C44 
 1144      435F4D6F 
 1144      746F725F 
 1144      67727034 
 1145              	.LASF16:
 1146 0097 63795F6D 		.ascii	"cy_metadata\000"
 1146      65746164 
 1146      61746100 
 1147              	.LASF1:
 1148 00a3 756E7369 		.ascii	"unsigned char\000"
 1148      676E6564 
 1148      20636861 
 1148      7200
 1149              	.LASF17:
 1150 00b1 474E5520 		.ascii	"GNU C11 5.4.1 20160609 (release) [ARM/embedded-5-br"
 1150      43313120 
 1150      352E342E 
 1150      31203230 
 1150      31363036 
 1151 00e4 616E6368 		.ascii	"anch revision 237715] -mcpu=cortex-m3 -mthumb -g -O"
 1151      20726576 
 1151      6973696F 
 1151      6E203233 
 1151      37373135 
 1152 0117 67202D66 		.ascii	"g -ffunction-sections -ffat-lto-objects\000"
 1152      66756E63 
 1152      74696F6E 
 1152      2D736563 
 1152      74696F6E 
 1153              	.LASF5:
 1154 013f 6C6F6E67 		.ascii	"long unsigned int\000"
 1154      20756E73 
 1154      69676E65 
 1154      6420696E 
 1154      7400
ARM GAS  C:\Users\lasse\AppData\Local\Temp\ccl8KCoF.s 			page 22


 1155              	.LASF3:
 1156 0151 73686F72 		.ascii	"short unsigned int\000"
 1156      7420756E 
 1156      7369676E 
 1156      65642069 
 1156      6E7400
 1157              	.LASF13:
 1158 0164 63795F6D 		.ascii	"cy_meta_custnvl\000"
 1158      6574615F 
 1158      63757374 
 1158      6E766C00 
 1159              	.LASF12:
 1160 0174 63795F6D 		.ascii	"cy_meta_configecc\000"
 1160      6574615F 
 1160      636F6E66 
 1160      69676563 
 1160      6300
 1161              	.LASF8:
 1162 0186 756E7369 		.ascii	"unsigned int\000"
 1162      676E6564 
 1162      20696E74 
 1162      00
 1163              	.LASF7:
 1164 0193 6C6F6E67 		.ascii	"long long unsigned int\000"
 1164      206C6F6E 
 1164      6720756E 
 1164      7369676E 
 1164      65642069 
 1165              	.LASF10:
 1166 01aa 75696E74 		.ascii	"uint8_t\000"
 1166      385F7400 
 1167              	.LASF15:
 1168 01b2 63795F6D 		.ascii	"cy_meta_flashprotect\000"
 1168      6574615F 
 1168      666C6173 
 1168      6870726F 
 1168      74656374 
 1169              	.LASF14:
 1170 01c7 63795F6D 		.ascii	"cy_meta_wonvl\000"
 1170      6574615F 
 1170      776F6E76 
 1170      6C00
 1171              	.LASF11:
 1172 01d5 73697A65 		.ascii	"sizetype\000"
 1172      74797065 
 1172      00
 1173              	.LASF6:
 1174 01de 6C6F6E67 		.ascii	"long long int\000"
 1174      206C6F6E 
 1174      6720696E 
 1174      7400
 1175              	.LASF2:
 1176 01ec 73686F72 		.ascii	"short int\000"
 1176      7420696E 
 1176      7400
 1177              	.LASF4:
 1178 01f6 6C6F6E67 		.ascii	"long int\000"
ARM GAS  C:\Users\lasse\AppData\Local\Temp\ccl8KCoF.s 			page 23


 1178      20696E74 
 1178      00
 1179              	.LASF0:
 1180 01ff 7369676E 		.ascii	"signed char\000"
 1180      65642063 
 1180      68617200 
 1181              	.LASF18:
 1182 020b 47656E65 		.ascii	"Generated_Source\\PSoC5\\cymetadata.c\000"
 1182      72617465 
 1182      645F536F 
 1182      75726365 
 1182      5C50536F 
 1183              		.ident	"GCC: (GNU Tools for ARM Embedded Processors) 5.4.1 20160609 (release) [ARM/embedded-5-bran
